2023/02/25 10:23:58 [notice] 1#1: using the "epoll" event method
2023/02/25 10:23:58 [notice] 1#1: nginx/1.23.3
2023/02/25 10:23:58 [notice] 1#1: built by gcc 10.2.1 20210110 (Debian 10.2.1-6) 
2023/02/25 10:23:58 [notice] 1#1: OS: Linux 5.15.49-linuxkit
2023/02/25 10:23:58 [notice] 1#1: getrlimit(RLIMIT_NOFILE): 1048576:1048576
2023/02/25 10:23:58 [notice] 1#1: start worker processes
2023/02/25 10:23:58 [notice] 1#1: start worker process 27
2023/02/25 10:23:58 [notice] 1#1: start worker process 28
2023/02/25 10:27:10 [notice] 1#1: signal 3 (SIGQUIT) received, shutting down
2023/02/25 10:27:10 [notice] 27#27: gracefully shutting down
2023/02/25 10:27:10 [notice] 28#28: gracefully shutting down
2023/02/25 10:27:10 [notice] 27#27: exiting
2023/02/25 10:27:10 [notice] 28#28: exiting
2023/02/25 10:27:10 [notice] 27#27: exit
2023/02/25 10:27:10 [notice] 28#28: exit
2023/02/25 10:27:10 [notice] 1#1: signal 17 (SIGCHLD) received from 28
2023/02/25 10:27:10 [notice] 1#1: worker process 28 exited with code 0
2023/02/25 10:27:10 [notice] 1#1: signal 29 (SIGIO) received
2023/02/25 10:27:10 [notice] 1#1: signal 17 (SIGCHLD) received from 27
2023/02/25 10:27:10 [notice] 1#1: worker process 27 exited with code 0
2023/02/25 10:27:10 [notice] 1#1: exit
2023/02/25 10:32:21 [notice] 1#1: using the "epoll" event method
2023/02/25 10:32:21 [notice] 1#1: nginx/1.23.3
2023/02/25 10:32:21 [notice] 1#1: built by gcc 10.2.1 20210110 (Debian 10.2.1-6) 
2023/02/25 10:32:21 [notice] 1#1: OS: Linux 5.15.49-linuxkit
2023/02/25 10:32:21 [notice] 1#1: getrlimit(RLIMIT_NOFILE): 1048576:1048576
2023/02/25 10:32:21 [notice] 1#1: start worker processes
2023/02/25 10:32:21 [notice] 1#1: start worker process 28
2023/02/25 10:32:21 [notice] 1#1: start worker process 29
2023/02/25 10:49:01 [notice] 1#1: using the "epoll" event method
2023/02/25 10:49:01 [notice] 1#1: nginx/1.23.3
2023/02/25 10:49:01 [notice] 1#1: built by gcc 10.2.1 20210110 (Debian 10.2.1-6) 
2023/02/25 10:49:01 [notice] 1#1: OS: Linux 5.15.49-linuxkit
2023/02/25 10:49:01 [notice] 1#1: getrlimit(RLIMIT_NOFILE): 1048576:1048576
2023/02/25 10:49:01 [notice] 1#1: start worker processes
2023/02/25 10:49:01 [notice] 1#1: start worker process 28
2023/02/25 10:49:01 [notice] 1#1: start worker process 29
2023/02/25 10:55:00 [notice] 1#1: signal 3 (SIGQUIT) received, shutting down
2023/02/25 10:55:00 [notice] 28#28: gracefully shutting down
2023/02/25 10:55:00 [notice] 29#29: gracefully shutting down
2023/02/25 10:55:00 [notice] 28#28: exiting
2023/02/25 10:55:00 [notice] 29#29: exiting
2023/02/25 10:55:00 [notice] 29#29: exit
2023/02/25 10:55:00 [notice] 28#28: exit
2023/02/25 10:55:00 [notice] 1#1: signal 17 (SIGCHLD) received from 28
2023/02/25 10:55:00 [notice] 1#1: worker process 28 exited with code 0
2023/02/25 10:55:00 [notice] 1#1: worker process 29 exited with code 0
2023/02/25 10:55:00 [notice] 1#1: exit
2023/02/25 10:55:01 [notice] 1#1: using the "epoll" event method
2023/02/25 10:55:01 [notice] 1#1: nginx/1.23.3
2023/02/25 10:55:01 [notice] 1#1: built by gcc 10.2.1 20210110 (Debian 10.2.1-6) 
2023/02/25 10:55:01 [notice] 1#1: OS: Linux 5.15.49-linuxkit
2023/02/25 10:55:01 [notice] 1#1: getrlimit(RLIMIT_NOFILE): 1048576:1048576
2023/02/25 10:55:01 [notice] 1#1: start worker processes
2023/02/25 10:55:01 [notice] 1#1: start worker process 28
2023/02/25 10:55:01 [notice] 1#1: start worker process 29
2023/02/25 10:56:43 [notice] 1#1: signal 3 (SIGQUIT) received, shutting down
2023/02/25 10:56:43 [notice] 29#29: gracefully shutting down
2023/02/25 10:56:43 [notice] 29#29: exiting
2023/02/25 10:56:43 [notice] 28#28: gracefully shutting down
2023/02/25 10:56:43 [notice] 28#28: exiting
2023/02/25 10:56:43 [notice] 29#29: exit
2023/02/25 10:56:43 [notice] 28#28: exit
2023/02/25 10:56:43 [notice] 1#1: signal 17 (SIGCHLD) received from 29
2023/02/25 10:56:43 [notice] 1#1: worker process 29 exited with code 0
2023/02/25 10:56:43 [notice] 1#1: worker process 28 exited with code 0
2023/02/25 10:56:43 [notice] 1#1: exit
2023/02/25 10:56:48 [notice] 1#1: using the "epoll" event method
2023/02/25 10:56:48 [notice] 1#1: nginx/1.23.3
2023/02/25 10:56:48 [notice] 1#1: built by gcc 10.2.1 20210110 (Debian 10.2.1-6) 
2023/02/25 10:56:48 [notice] 1#1: OS: Linux 5.15.49-linuxkit
2023/02/25 10:56:48 [notice] 1#1: getrlimit(RLIMIT_NOFILE): 1048576:1048576
2023/02/25 10:56:48 [notice] 1#1: start worker processes
2023/02/25 10:56:48 [notice] 1#1: start worker process 28
2023/02/25 10:56:48 [notice] 1#1: start worker process 29
2023/02/25 10:57:37 [notice] 1#1: signal 3 (SIGQUIT) received, shutting down
2023/02/25 10:57:37 [notice] 28#28: gracefully shutting down
2023/02/25 10:57:37 [notice] 29#29: gracefully shutting down
2023/02/25 10:57:37 [notice] 29#29: exiting
2023/02/25 10:57:37 [notice] 28#28: exiting
2023/02/25 10:57:37 [notice] 28#28: exit
2023/02/25 10:57:37 [notice] 29#29: exit
2023/02/25 10:57:37 [notice] 1#1: signal 17 (SIGCHLD) received from 28
2023/02/25 10:57:37 [notice] 1#1: worker process 28 exited with code 0
2023/02/25 10:57:37 [notice] 1#1: worker process 29 exited with code 0
2023/02/25 10:57:37 [notice] 1#1: exit
2023/02/25 11:01:02 [notice] 1#1: using the "epoll" event method
2023/02/25 11:01:02 [notice] 1#1: nginx/1.23.3
2023/02/25 11:01:02 [notice] 1#1: built by gcc 10.2.1 20210110 (Debian 10.2.1-6) 
2023/02/25 11:01:02 [notice] 1#1: OS: Linux 5.15.49-linuxkit
2023/02/25 11:01:02 [notice] 1#1: getrlimit(RLIMIT_NOFILE): 1048576:1048576
2023/02/25 11:01:02 [notice] 1#1: start worker processes
2023/02/25 11:01:02 [notice] 1#1: start worker process 28
2023/02/25 11:01:02 [notice] 1#1: start worker process 29
2023/02/25 11:06:33 [notice] 1#1: signal 3 (SIGQUIT) received, shutting down
2023/02/25 11:06:33 [notice] 28#28: gracefully shutting down
2023/02/25 11:06:33 [notice] 28#28: exiting
2023/02/25 11:06:33 [notice] 29#29: gracefully shutting down
2023/02/25 11:06:33 [notice] 28#28: exit
2023/02/25 11:06:33 [notice] 29#29: exiting
2023/02/25 11:06:33 [notice] 29#29: exit
2023/02/25 11:06:33 [notice] 1#1: signal 17 (SIGCHLD) received from 28
2023/02/25 11:06:33 [notice] 1#1: worker process 28 exited with code 0
2023/02/25 11:06:33 [notice] 1#1: signal 29 (SIGIO) received
2023/02/25 11:06:33 [notice] 1#1: signal 17 (SIGCHLD) received from 29
2023/02/25 11:06:33 [notice] 1#1: worker process 29 exited with code 0
2023/02/25 11:06:33 [notice] 1#1: exit
2023/02/25 11:12:58 [notice] 1#1: using the "epoll" event method
2023/02/25 11:12:58 [notice] 1#1: nginx/1.23.3
2023/02/25 11:12:58 [notice] 1#1: built by gcc 10.2.1 20210110 (Debian 10.2.1-6) 
2023/02/25 11:12:58 [notice] 1#1: OS: Linux 5.15.49-linuxkit
2023/02/25 11:12:58 [notice] 1#1: getrlimit(RLIMIT_NOFILE): 1048576:1048576
2023/02/25 11:12:58 [notice] 1#1: start worker processes
2023/02/25 11:12:58 [notice] 1#1: start worker process 28
2023/02/25 11:12:58 [notice] 1#1: start worker process 29
2023/02/25 11:20:11 [notice] 1#1: signal 3 (SIGQUIT) received, shutting down
2023/02/25 11:20:11 [notice] 29#29: gracefully shutting down
2023/02/25 11:20:11 [notice] 29#29: exiting
2023/02/25 11:20:11 [notice] 28#28: gracefully shutting down
2023/02/25 11:20:11 [notice] 29#29: exit
2023/02/25 11:20:11 [notice] 28#28: exiting
2023/02/25 11:20:11 [notice] 28#28: exit
2023/02/25 11:20:11 [notice] 1#1: signal 17 (SIGCHLD) received from 29
2023/02/25 11:20:11 [notice] 1#1: worker process 29 exited with code 0
2023/02/25 11:20:11 [notice] 1#1: signal 29 (SIGIO) received
2023/02/25 11:20:11 [notice] 1#1: signal 17 (SIGCHLD) received from 28
2023/02/25 11:20:11 [notice] 1#1: worker process 28 exited with code 0
2023/02/25 11:20:11 [notice] 1#1: exit
2023/02/25 11:20:13 [notice] 1#1: using the "epoll" event method
2023/02/25 11:20:13 [notice] 1#1: nginx/1.23.3
2023/02/25 11:20:13 [notice] 1#1: built by gcc 10.2.1 20210110 (Debian 10.2.1-6) 
2023/02/25 11:20:13 [notice] 1#1: OS: Linux 5.15.49-linuxkit
2023/02/25 11:20:13 [notice] 1#1: getrlimit(RLIMIT_NOFILE): 1048576:1048576
2023/02/25 11:20:13 [notice] 1#1: start worker processes
2023/02/25 11:20:13 [notice] 1#1: start worker process 28
2023/02/25 11:20:13 [notice] 1#1: start worker process 29
2023/02/25 11:20:27 [error] 28#28: *1 open() "/var/www/html/login" failed (2: No such file or directory), client: 172.22.0.1, server: diboard.local, request: "GET /login HTTP/1.1", host: "localhost:8080", referrer: "http://localhost:8080/index.php"
2023/02/25 11:23:13 [notice] 1#1: signal 3 (SIGQUIT) received, shutting down
2023/02/25 11:23:13 [notice] 29#29: gracefully shutting down
2023/02/25 11:23:13 [notice] 29#29: exiting
2023/02/25 11:23:13 [notice] 28#28: gracefully shutting down
2023/02/25 11:23:13 [notice] 28#28: exiting
2023/02/25 11:23:13 [notice] 29#29: exit
2023/02/25 11:23:13 [notice] 28#28: exit
2023/02/25 11:23:13 [notice] 1#1: signal 17 (SIGCHLD) received from 29
2023/02/25 11:23:13 [notice] 1#1: worker process 29 exited with code 0
2023/02/25 11:23:13 [notice] 1#1: signal 29 (SIGIO) received
2023/02/25 11:23:13 [notice] 1#1: signal 17 (SIGCHLD) received from 28
2023/02/25 11:23:13 [notice] 1#1: worker process 28 exited with code 0
2023/02/25 11:23:13 [notice] 1#1: exit
2023/02/25 11:23:14 [notice] 1#1: using the "epoll" event method
2023/02/25 11:23:14 [notice] 1#1: nginx/1.23.3
2023/02/25 11:23:14 [notice] 1#1: built by gcc 10.2.1 20210110 (Debian 10.2.1-6) 
2023/02/25 11:23:14 [notice] 1#1: OS: Linux 5.15.49-linuxkit
2023/02/25 11:23:14 [notice] 1#1: getrlimit(RLIMIT_NOFILE): 1048576:1048576
2023/02/25 11:23:14 [notice] 1#1: start worker processes
2023/02/25 11:23:14 [notice] 1#1: start worker process 28
2023/02/25 11:23:14 [notice] 1#1: start worker process 29
2023/02/25 11:23:19 [error] 28#28: *1 open() "/var/www/html/login" failed (2: No such file or directory), client: 172.22.0.1, server: diboard.local, request: "GET /login HTTP/1.1", host: "localhost:8080", referrer: "http://localhost:8080/index.php"
2023/02/25 11:24:22 [notice] 1#1: signal 3 (SIGQUIT) received, shutting down
2023/02/25 11:24:22 [notice] 29#29: gracefully shutting down
2023/02/25 11:24:22 [notice] 28#28: gracefully shutting down
2023/02/25 11:24:22 [notice] 29#29: exiting
2023/02/25 11:24:22 [notice] 29#29: exit
2023/02/25 11:24:22 [notice] 28#28: exiting
2023/02/25 11:24:22 [notice] 28#28: exit
2023/02/25 11:24:22 [notice] 1#1: signal 17 (SIGCHLD) received from 29
2023/02/25 11:24:22 [notice] 1#1: worker process 29 exited with code 0
2023/02/25 11:24:22 [notice] 1#1: signal 29 (SIGIO) received
2023/02/25 11:24:22 [notice] 1#1: signal 17 (SIGCHLD) received from 28
2023/02/25 11:24:22 [notice] 1#1: worker process 28 exited with code 0
2023/02/25 11:24:22 [notice] 1#1: exit
2023/02/25 11:24:23 [notice] 1#1: using the "epoll" event method
2023/02/25 11:24:23 [notice] 1#1: nginx/1.23.3
2023/02/25 11:24:23 [notice] 1#1: built by gcc 10.2.1 20210110 (Debian 10.2.1-6) 
2023/02/25 11:24:23 [notice] 1#1: OS: Linux 5.15.49-linuxkit
2023/02/25 11:24:23 [notice] 1#1: getrlimit(RLIMIT_NOFILE): 1048576:1048576
2023/02/25 11:24:23 [notice] 1#1: start worker processes
2023/02/25 11:24:23 [notice] 1#1: start worker process 27
2023/02/25 11:24:23 [notice] 1#1: start worker process 28
2023/02/25 11:24:28 [error] 27#27: *1 open() "/var/www/html/login" failed (2: No such file or directory), client: 172.22.0.1, server: diboard.local, request: "GET /login HTTP/1.1", host: "localhost:8080", referrer: "http://localhost:8080/index.php"
2023/02/25 11:24:33 [error] 27#27: *4 open() "/var/www/html/login" failed (2: No such file or directory), client: 172.22.0.1, server: diboard.local, request: "GET /login HTTP/1.1", host: "localhost:8080", referrer: "http://localhost:8080/index.php"
2023/02/25 11:27:47 [notice] 1#1: signal 3 (SIGQUIT) received, shutting down
2023/02/25 11:27:47 [notice] 28#28: gracefully shutting down
2023/02/25 11:27:47 [notice] 28#28: exiting
2023/02/25 11:27:47 [notice] 27#27: gracefully shutting down
2023/02/25 11:27:47 [notice] 27#27: exiting
2023/02/25 11:27:47 [notice] 28#28: exit
2023/02/25 11:27:47 [notice] 27#27: exit
2023/02/25 11:27:47 [notice] 1#1: signal 17 (SIGCHLD) received from 28
2023/02/25 11:27:47 [notice] 1#1: worker process 28 exited with code 0
2023/02/25 11:27:47 [notice] 1#1: signal 17 (SIGCHLD) received from 27
2023/02/25 11:27:47 [notice] 1#1: worker process 27 exited with code 0
2023/02/25 11:27:47 [notice] 1#1: exit
2023/02/25 11:27:48 [notice] 1#1: using the "epoll" event method
2023/02/25 11:27:48 [notice] 1#1: nginx/1.23.3
2023/02/25 11:27:48 [notice] 1#1: built by gcc 10.2.1 20210110 (Debian 10.2.1-6) 
2023/02/25 11:27:48 [notice] 1#1: OS: Linux 5.15.49-linuxkit
2023/02/25 11:27:48 [notice] 1#1: getrlimit(RLIMIT_NOFILE): 1048576:1048576
2023/02/25 11:27:48 [notice] 1#1: start worker processes
2023/02/25 11:27:48 [notice] 1#1: start worker process 28
2023/02/25 11:27:48 [notice] 1#1: start worker process 29
2023/02/25 11:27:59 [error] 29#29: *3 open() "/var/www/html/login" failed (2: No such file or directory), client: 172.22.0.1, server: diboard.local, request: "GET /login HTTP/1.1", host: "localhost:8080", referrer: "http://localhost:8080/"
2023/02/25 11:28:20 [error] 29#29: *3 open() "/var/www/html/register" failed (2: No such file or directory), client: 172.22.0.1, server: diboard.local, request: "GET /register HTTP/1.1", host: "localhost:8080", referrer: "http://localhost:8080/"
2023/02/25 11:30:06 [notice] 1#1: signal 3 (SIGQUIT) received, shutting down
2023/02/25 11:30:06 [notice] 28#28: gracefully shutting down
2023/02/25 11:30:06 [notice] 28#28: exiting
2023/02/25 11:30:06 [notice] 29#29: gracefully shutting down
2023/02/25 11:30:06 [notice] 28#28: exit
2023/02/25 11:30:06 [notice] 29#29: exiting
2023/02/25 11:30:06 [notice] 29#29: exit
2023/02/25 11:30:06 [notice] 1#1: signal 17 (SIGCHLD) received from 28
2023/02/25 11:30:06 [notice] 1#1: worker process 28 exited with code 0
2023/02/25 11:30:07 [notice] 1#1: signal 29 (SIGIO) received
2023/02/25 11:30:07 [notice] 1#1: signal 17 (SIGCHLD) received from 29
2023/02/25 11:30:07 [notice] 1#1: worker process 29 exited with code 0
2023/02/25 11:30:07 [notice] 1#1: exit
2023/02/25 11:30:08 [notice] 1#1: using the "epoll" event method
2023/02/25 11:30:08 [notice] 1#1: nginx/1.23.3
2023/02/25 11:30:08 [notice] 1#1: built by gcc 10.2.1 20210110 (Debian 10.2.1-6) 
2023/02/25 11:30:08 [notice] 1#1: OS: Linux 5.15.49-linuxkit
2023/02/25 11:30:08 [notice] 1#1: getrlimit(RLIMIT_NOFILE): 1048576:1048576
2023/02/25 11:30:08 [notice] 1#1: start worker processes
2023/02/25 11:30:08 [notice] 1#1: start worker process 28
2023/02/25 11:30:08 [notice] 1#1: start worker process 29
2023/02/25 11:30:16 [error] 28#28: *1 open() "/var/www/html/login" failed (2: No such file or directory), client: 172.22.0.1, server: diboard.local, request: "GET /login HTTP/1.1", host: "localhost:8080", referrer: "http://localhost:8080/"
2023/02/25 11:37:53 [notice] 1#1: signal 3 (SIGQUIT) received, shutting down
2023/02/25 11:37:53 [notice] 28#28: gracefully shutting down
2023/02/25 11:37:53 [notice] 29#29: gracefully shutting down
2023/02/25 11:37:53 [notice] 28#28: exiting
2023/02/25 11:37:53 [notice] 29#29: exiting
2023/02/25 11:37:53 [notice] 28#28: exit
2023/02/25 11:37:53 [notice] 29#29: exit
2023/02/25 11:37:53 [notice] 1#1: signal 17 (SIGCHLD) received from 28
2023/02/25 11:37:53 [notice] 1#1: worker process 28 exited with code 0
2023/02/25 11:37:53 [notice] 1#1: signal 29 (SIGIO) received
2023/02/25 11:37:53 [notice] 1#1: signal 17 (SIGCHLD) received from 29
2023/02/25 11:37:53 [notice] 1#1: worker process 29 exited with code 0
2023/02/25 11:37:53 [notice] 1#1: exit
2023/02/25 11:38:03 [notice] 1#1: using the "epoll" event method
2023/02/25 11:38:03 [notice] 1#1: nginx/1.23.3
2023/02/25 11:38:03 [notice] 1#1: built by gcc 10.2.1 20210110 (Debian 10.2.1-6) 
2023/02/25 11:38:03 [notice] 1#1: OS: Linux 5.15.49-linuxkit
2023/02/25 11:38:03 [notice] 1#1: getrlimit(RLIMIT_NOFILE): 1048576:1048576
2023/02/25 11:38:03 [notice] 1#1: start worker processes
2023/02/25 11:38:03 [notice] 1#1: start worker process 28
2023/02/25 11:38:03 [notice] 1#1: start worker process 29
2023/02/25 11:59:30 [notice] 1#1: signal 3 (SIGQUIT) received, shutting down
2023/02/25 11:59:30 [notice] 29#29: gracefully shutting down
2023/02/25 11:59:30 [notice] 28#28: gracefully shutting down
2023/02/25 11:59:30 [notice] 29#29: exiting
2023/02/25 11:59:30 [notice] 29#29: exit
2023/02/25 11:59:30 [notice] 28#28: exiting
2023/02/25 11:59:30 [notice] 28#28: exit
2023/02/25 11:59:30 [notice] 1#1: signal 17 (SIGCHLD) received from 29
2023/02/25 11:59:30 [notice] 1#1: worker process 29 exited with code 0
2023/02/25 11:59:30 [notice] 1#1: signal 29 (SIGIO) received
2023/02/25 11:59:30 [notice] 1#1: signal 17 (SIGCHLD) received from 28
2023/02/25 11:59:30 [notice] 1#1: worker process 28 exited with code 0
2023/02/25 11:59:30 [notice] 1#1: exit
2023/02/25 11:59:31 [notice] 1#1: using the "epoll" event method
2023/02/25 11:59:31 [notice] 1#1: nginx/1.23.3
2023/02/25 11:59:31 [notice] 1#1: built by gcc 10.2.1 20210110 (Debian 10.2.1-6) 
2023/02/25 11:59:31 [notice] 1#1: OS: Linux 5.15.49-linuxkit
2023/02/25 11:59:31 [notice] 1#1: getrlimit(RLIMIT_NOFILE): 1048576:1048576
2023/02/25 11:59:31 [notice] 1#1: start worker processes
2023/02/25 11:59:31 [notice] 1#1: start worker process 28
2023/02/25 11:59:31 [notice] 1#1: start worker process 29
2023/02/25 12:29:03 [error] 28#28: *68 client intended to send too large body: 6560140 bytes, client: 172.23.0.1, server: diboard.local, request: "POST /ajax/new-post.php HTTP/1.1", host: "localhost:8080", referrer: "http://localhost:8080/new-post"
2023/02/25 12:29:06 [error] 28#28: *69 client intended to send too large body: 6560144 bytes, client: 172.23.0.1, server: diboard.local, request: "POST /ajax/new-post.php HTTP/1.1", host: "localhost:8080", referrer: "http://localhost:8080/new-post"
2023/02/25 12:29:09 [error] 28#28: *70 client intended to send too large body: 6560144 bytes, client: 172.23.0.1, server: diboard.local, request: "POST /ajax/new-post.php HTTP/1.1", host: "localhost:8080", referrer: "http://localhost:8080/new-post"
2023/02/25 13:30:31 [notice] 1#1: signal 3 (SIGQUIT) received, shutting down
2023/02/25 13:30:31 [notice] 28#28: gracefully shutting down
2023/02/25 13:30:31 [notice] 29#29: gracefully shutting down
2023/02/25 13:30:31 [notice] 29#29: exiting
2023/02/25 13:30:31 [notice] 29#29: exit
2023/02/25 13:30:31 [notice] 28#28: exiting
2023/02/25 13:30:31 [notice] 28#28: exit
2023/02/25 13:30:31 [notice] 1#1: signal 17 (SIGCHLD) received from 28
2023/02/25 13:30:31 [notice] 1#1: worker process 28 exited with code 0
2023/02/25 13:30:31 [notice] 1#1: signal 29 (SIGIO) received
2023/02/25 13:30:31 [notice] 1#1: signal 17 (SIGCHLD) received from 29
2023/02/25 13:30:31 [notice] 1#1: worker process 29 exited with code 0
2023/02/25 13:30:31 [notice] 1#1: exit
2023/02/25 13:30:32 [notice] 1#1: using the "epoll" event method
2023/02/25 13:30:32 [notice] 1#1: nginx/1.23.3
2023/02/25 13:30:32 [notice] 1#1: built by gcc 10.2.1 20210110 (Debian 10.2.1-6) 
2023/02/25 13:30:32 [notice] 1#1: OS: Linux 5.15.49-linuxkit
2023/02/25 13:30:32 [notice] 1#1: getrlimit(RLIMIT_NOFILE): 1048576:1048576
2023/02/25 13:30:32 [notice] 1#1: start worker processes
2023/02/25 13:30:32 [notice] 1#1: start worker process 28
2023/02/25 13:30:32 [notice] 1#1: start worker process 29
2023/02/25 13:33:48 [notice] 1#1: signal 3 (SIGQUIT) received, shutting down
2023/02/25 13:33:48 [notice] 28#28: gracefully shutting down
2023/02/25 13:33:48 [notice] 29#29: gracefully shutting down
2023/02/25 13:33:48 [notice] 28#28: exiting
2023/02/25 13:33:48 [notice] 28#28: exit
2023/02/25 13:33:48 [notice] 29#29: exiting
2023/02/25 13:33:48 [notice] 29#29: exit
2023/02/25 13:33:48 [notice] 1#1: signal 17 (SIGCHLD) received from 28
2023/02/25 13:33:48 [notice] 1#1: worker process 28 exited with code 0
2023/02/25 13:33:48 [notice] 1#1: signal 29 (SIGIO) received
2023/02/25 13:33:48 [notice] 1#1: signal 17 (SIGCHLD) received from 29
2023/02/25 13:33:48 [notice] 1#1: worker process 29 exited with code 0
2023/02/25 13:33:48 [notice] 1#1: exit
2023/02/25 13:33:54 [notice] 1#1: using the "epoll" event method
2023/02/25 13:33:54 [notice] 1#1: nginx/1.23.3
2023/02/25 13:33:54 [notice] 1#1: built by gcc 10.2.1 20210110 (Debian 10.2.1-6) 
2023/02/25 13:33:54 [notice] 1#1: OS: Linux 5.15.49-linuxkit
2023/02/25 13:33:54 [notice] 1#1: getrlimit(RLIMIT_NOFILE): 1048576:1048576
2023/02/25 13:33:54 [notice] 1#1: start worker processes
2023/02/25 13:33:54 [notice] 1#1: start worker process 28
2023/02/25 13:33:54 [notice] 1#1: start worker process 29
2023/02/25 13:38:39 [notice] 1#1: signal 3 (SIGQUIT) received, shutting down
2023/02/25 13:38:39 [notice] 28#28: gracefully shutting down
2023/02/25 13:38:39 [notice] 29#29: gracefully shutting down
2023/02/25 13:38:39 [notice] 29#29: exiting
2023/02/25 13:38:39 [notice] 28#28: exiting
2023/02/25 13:38:39 [notice] 29#29: exit
2023/02/25 13:38:39 [notice] 28#28: exit
2023/02/25 13:38:39 [notice] 1#1: signal 17 (SIGCHLD) received from 29
2023/02/25 13:38:39 [notice] 1#1: worker process 29 exited with code 0
2023/02/25 13:38:39 [notice] 1#1: signal 29 (SIGIO) received
2023/02/25 13:38:39 [notice] 1#1: signal 17 (SIGCHLD) received from 28
2023/02/25 13:38:39 [notice] 1#1: worker process 28 exited with code 0
2023/02/25 13:38:39 [notice] 1#1: exit
2023/02/25 13:38:41 [notice] 1#1: using the "epoll" event method
2023/02/25 13:38:41 [notice] 1#1: nginx/1.23.3
2023/02/25 13:38:41 [notice] 1#1: built by gcc 10.2.1 20210110 (Debian 10.2.1-6) 
2023/02/25 13:38:41 [notice] 1#1: OS: Linux 5.15.49-linuxkit
2023/02/25 13:38:41 [notice] 1#1: getrlimit(RLIMIT_NOFILE): 1048576:1048576
2023/02/25 13:38:41 [notice] 1#1: start worker processes
2023/02/25 13:38:41 [notice] 1#1: start worker process 28
2023/02/25 13:38:41 [notice] 1#1: start worker process 29
2023/02/25 13:41:05 [notice] 1#1: signal 3 (SIGQUIT) received, shutting down
2023/02/25 13:41:05 [notice] 29#29: gracefully shutting down
2023/02/25 13:41:05 [notice] 29#29: exiting
2023/02/25 13:41:05 [notice] 28#28: gracefully shutting down
2023/02/25 13:41:05 [notice] 28#28: exiting
2023/02/25 13:41:05 [notice] 29#29: exit
2023/02/25 13:41:05 [notice] 28#28: exit
2023/02/25 13:41:05 [notice] 1#1: signal 17 (SIGCHLD) received from 28
2023/02/25 13:41:05 [notice] 1#1: worker process 28 exited with code 0
2023/02/25 13:41:05 [notice] 1#1: signal 29 (SIGIO) received
2023/02/25 13:41:05 [notice] 1#1: signal 17 (SIGCHLD) received from 29
2023/02/25 13:41:05 [notice] 1#1: worker process 29 exited with code 0
2023/02/25 13:41:05 [notice] 1#1: exit
2023/02/25 13:41:07 [notice] 1#1: using the "epoll" event method
2023/02/25 13:41:07 [notice] 1#1: nginx/1.23.3
2023/02/25 13:41:07 [notice] 1#1: built by gcc 10.2.1 20210110 (Debian 10.2.1-6) 
2023/02/25 13:41:07 [notice] 1#1: OS: Linux 5.15.49-linuxkit
2023/02/25 13:41:07 [notice] 1#1: getrlimit(RLIMIT_NOFILE): 1048576:1048576
2023/02/25 13:41:07 [notice] 1#1: start worker processes
2023/02/25 13:41:07 [notice] 1#1: start worker process 28
2023/02/25 13:41:07 [notice] 1#1: start worker process 29
2023/02/25 13:44:02 [notice] 1#1: signal 3 (SIGQUIT) received, shutting down
2023/02/25 13:44:02 [notice] 28#28: gracefully shutting down
2023/02/25 13:44:02 [notice] 29#29: gracefully shutting down
2023/02/25 13:44:02 [notice] 28#28: exiting
2023/02/25 13:44:02 [notice] 29#29: exiting
2023/02/25 13:44:02 [notice] 29#29: exit
2023/02/25 13:44:02 [notice] 28#28: exit
2023/02/25 13:44:02 [notice] 1#1: signal 17 (SIGCHLD) received from 29
2023/02/25 13:44:02 [notice] 1#1: worker process 29 exited with code 0
2023/02/25 13:44:02 [notice] 1#1: signal 29 (SIGIO) received
2023/02/25 13:44:02 [notice] 1#1: signal 17 (SIGCHLD) received from 28
2023/02/25 13:44:02 [notice] 1#1: worker process 28 exited with code 0
2023/02/25 13:44:02 [notice] 1#1: exit
2023/02/25 13:44:09 [notice] 1#1: using the "epoll" event method
2023/02/25 13:44:09 [notice] 1#1: nginx/1.23.3
2023/02/25 13:44:09 [notice] 1#1: built by gcc 10.2.1 20210110 (Debian 10.2.1-6) 
2023/02/25 13:44:09 [notice] 1#1: OS: Linux 5.15.49-linuxkit
2023/02/25 13:44:09 [notice] 1#1: getrlimit(RLIMIT_NOFILE): 1048576:1048576
2023/02/25 13:44:09 [notice] 1#1: start worker processes
2023/02/25 13:44:09 [notice] 1#1: start worker process 28
2023/02/25 13:44:09 [notice] 1#1: start worker process 29
2023/02/25 14:07:06 [notice] 1#1: signal 3 (SIGQUIT) received, shutting down
2023/02/25 14:07:06 [notice] 29#29: gracefully shutting down
2023/02/25 14:07:06 [notice] 29#29: exiting
2023/02/25 14:07:06 [notice] 28#28: gracefully shutting down
2023/02/25 14:07:06 [notice] 28#28: exiting
2023/02/25 14:07:06 [notice] 29#29: exit
2023/02/25 14:07:06 [notice] 28#28: exit
2023/02/25 14:07:06 [notice] 1#1: signal 17 (SIGCHLD) received from 29
2023/02/25 14:07:06 [notice] 1#1: worker process 29 exited with code 0
2023/02/25 14:07:06 [notice] 1#1: signal 29 (SIGIO) received
2023/02/25 14:07:06 [notice] 1#1: signal 17 (SIGCHLD) received from 28
2023/02/25 14:07:06 [notice] 1#1: worker process 28 exited with code 0
2023/02/25 14:07:06 [notice] 1#1: exit
2023/02/25 14:07:50 [notice] 1#1: using the "epoll" event method
2023/02/25 14:07:50 [notice] 1#1: nginx/1.23.3
2023/02/25 14:07:50 [notice] 1#1: built by gcc 10.2.1 20210110 (Debian 10.2.1-6) 
2023/02/25 14:07:50 [notice] 1#1: OS: Linux 5.15.49-linuxkit
2023/02/25 14:07:50 [notice] 1#1: getrlimit(RLIMIT_NOFILE): 1048576:1048576
2023/02/25 14:07:50 [notice] 1#1: start worker processes
2023/02/25 14:07:50 [notice] 1#1: start worker process 28
2023/02/25 14:07:50 [notice] 1#1: start worker process 29
2023/02/25 14:28:29 [notice] 1#1: signal 3 (SIGQUIT) received, shutting down
2023/02/25 14:28:29 [notice] 29#29: gracefully shutting down
2023/02/25 14:28:29 [notice] 29#29: exiting
2023/02/25 14:28:29 [notice] 28#28: gracefully shutting down
2023/02/25 14:28:29 [notice] 29#29: exit
2023/02/25 14:28:29 [notice] 28#28: exiting
2023/02/25 14:28:29 [notice] 28#28: exit
2023/02/25 14:28:29 [notice] 1#1: signal 17 (SIGCHLD) received from 29
2023/02/25 14:28:29 [notice] 1#1: worker process 29 exited with code 0
2023/02/25 14:28:29 [notice] 1#1: signal 29 (SIGIO) received
2023/02/25 14:28:29 [notice] 1#1: signal 17 (SIGCHLD) received from 28
2023/02/25 14:28:29 [notice] 1#1: worker process 28 exited with code 0
2023/02/25 14:28:29 [notice] 1#1: exit
2023/02/25 14:28:30 [notice] 1#1: using the "epoll" event method
2023/02/25 14:28:30 [notice] 1#1: nginx/1.23.3
2023/02/25 14:28:30 [notice] 1#1: built by gcc 10.2.1 20210110 (Debian 10.2.1-6) 
2023/02/25 14:28:30 [notice] 1#1: OS: Linux 5.15.49-linuxkit
2023/02/25 14:28:30 [notice] 1#1: getrlimit(RLIMIT_NOFILE): 1048576:1048576
2023/02/25 14:28:30 [notice] 1#1: start worker processes
2023/02/25 14:28:30 [notice] 1#1: start worker process 28
2023/02/25 14:28:30 [notice] 1#1: start worker process 29
2023/02/25 14:39:34 [notice] 1#1: using the "epoll" event method
2023/02/25 14:39:34 [notice] 1#1: nginx/1.23.3
2023/02/25 14:39:34 [notice] 1#1: built by gcc 10.2.1 20210110 (Debian 10.2.1-6) 
2023/02/25 14:39:34 [notice] 1#1: OS: Linux 5.15.49-linuxkit
2023/02/25 14:39:34 [notice] 1#1: getrlimit(RLIMIT_NOFILE): 1048576:1048576
2023/02/25 14:39:34 [notice] 1#1: start worker processes
2023/02/25 14:39:34 [notice] 1#1: start worker process 28
2023/02/25 14:39:34 [notice] 1#1: start worker process 29
2023/02/25 14:41:49 [notice] 1#1: signal 3 (SIGQUIT) received, shutting down
2023/02/25 14:41:49 [notice] 28#28: gracefully shutting down
2023/02/25 14:41:49 [notice] 28#28: exiting
2023/02/25 14:41:49 [notice] 29#29: gracefully shutting down
2023/02/25 14:41:49 [notice] 29#29: exiting
2023/02/25 14:41:49 [notice] 28#28: exit
2023/02/25 14:41:49 [notice] 29#29: exit
2023/02/25 14:41:49 [notice] 1#1: signal 17 (SIGCHLD) received from 29
2023/02/25 14:41:49 [notice] 1#1: worker process 29 exited with code 0
2023/02/25 14:41:49 [notice] 1#1: signal 29 (SIGIO) received
2023/02/25 14:41:49 [notice] 1#1: signal 17 (SIGCHLD) received from 28
2023/02/25 14:41:49 [notice] 1#1: worker process 28 exited with code 0
2023/02/25 14:41:49 [notice] 1#1: exit
2023/02/25 14:41:50 [emerg] 1#1: pcre2_compile() failed: quantifier does not follow a repeatable item in "*.(js|css|ttf|ttc|otf|eot|woff|woff2)$" at "*.(js|css|ttf|ttc|otf|eot|woff|woff2)$" in /etc/nginx/conf.d/default.conf:29
2023/02/25 14:42:17 [notice] 1#1: using the "epoll" event method
2023/02/25 14:42:17 [notice] 1#1: nginx/1.23.3
2023/02/25 14:42:17 [notice] 1#1: built by gcc 10.2.1 20210110 (Debian 10.2.1-6) 
2023/02/25 14:42:17 [notice] 1#1: OS: Linux 5.15.49-linuxkit
2023/02/25 14:42:17 [notice] 1#1: getrlimit(RLIMIT_NOFILE): 1048576:1048576
2023/02/25 14:42:17 [notice] 1#1: start worker processes
2023/02/25 14:42:17 [notice] 1#1: start worker process 28
2023/02/25 14:42:17 [notice] 1#1: start worker process 29
2023/02/25 14:45:21 [notice] 1#1: signal 3 (SIGQUIT) received, shutting down
2023/02/25 14:45:21 [notice] 29#29: gracefully shutting down
2023/02/25 14:45:21 [notice] 28#28: gracefully shutting down
2023/02/25 14:45:21 [notice] 29#29: exiting
2023/02/25 14:45:21 [notice] 28#28: exiting
2023/02/25 14:45:21 [notice] 29#29: exit
2023/02/25 14:45:21 [notice] 28#28: exit
2023/02/25 14:45:21 [notice] 1#1: signal 17 (SIGCHLD) received from 28
2023/02/25 14:45:21 [notice] 1#1: worker process 28 exited with code 0
2023/02/25 14:45:21 [notice] 1#1: signal 29 (SIGIO) received
2023/02/25 14:45:21 [notice] 1#1: signal 17 (SIGCHLD) received from 29
2023/02/25 14:45:21 [notice] 1#1: worker process 29 exited with code 0
2023/02/25 14:45:21 [notice] 1#1: exit
2023/02/25 14:45:22 [emerg] 1#1: unknown "filename" variable
2023/02/25 14:49:22 [notice] 1#1: using the "epoll" event method
2023/02/25 14:49:22 [notice] 1#1: nginx/1.23.3
2023/02/25 14:49:22 [notice] 1#1: built by gcc 10.2.1 20210110 (Debian 10.2.1-6) 
2023/02/25 14:49:22 [notice] 1#1: OS: Linux 5.15.49-linuxkit
2023/02/25 14:49:22 [notice] 1#1: getrlimit(RLIMIT_NOFILE): 1048576:1048576
2023/02/25 14:49:22 [notice] 1#1: start worker processes
2023/02/25 14:49:22 [notice] 1#1: start worker process 28
2023/02/25 14:49:22 [notice] 1#1: start worker process 29
2023/02/25 14:53:32 [notice] 1#1: signal 3 (SIGQUIT) received, shutting down
2023/02/25 14:53:32 [notice] 29#29: gracefully shutting down
2023/02/25 14:53:32 [notice] 28#28: gracefully shutting down
2023/02/25 14:53:32 [notice] 29#29: exiting
2023/02/25 14:53:32 [notice] 29#29: exit
2023/02/25 14:53:32 [notice] 28#28: exiting
2023/02/25 14:53:32 [notice] 28#28: exit
2023/02/25 14:53:32 [notice] 1#1: signal 17 (SIGCHLD) received from 29
2023/02/25 14:53:32 [notice] 1#1: worker process 29 exited with code 0
2023/02/25 14:53:32 [notice] 1#1: signal 17 (SIGCHLD) received from 28
2023/02/25 14:53:32 [notice] 1#1: worker process 28 exited with code 0
2023/02/25 14:53:32 [notice] 1#1: exit
2023/02/25 14:53:39 [notice] 1#1: using the "epoll" event method
2023/02/25 14:53:39 [notice] 1#1: nginx/1.23.3
2023/02/25 14:53:39 [notice] 1#1: built by gcc 10.2.1 20210110 (Debian 10.2.1-6) 
2023/02/25 14:53:39 [notice] 1#1: OS: Linux 5.15.49-linuxkit
2023/02/25 14:53:39 [notice] 1#1: getrlimit(RLIMIT_NOFILE): 1048576:1048576
2023/02/25 14:53:39 [notice] 1#1: start worker processes
2023/02/25 14:53:39 [notice] 1#1: start worker process 27
2023/02/25 14:53:39 [notice] 1#1: start worker process 28
2023/02/25 14:54:28 [notice] 1#1: signal 3 (SIGQUIT) received, shutting down
2023/02/25 14:54:28 [notice] 27#27: gracefully shutting down
2023/02/25 14:54:28 [notice] 28#28: gracefully shutting down
2023/02/25 14:54:28 [notice] 28#28: exiting
2023/02/25 14:54:28 [notice] 27#27: exiting
2023/02/25 14:54:28 [notice] 28#28: exit
2023/02/25 14:54:28 [notice] 27#27: exit
2023/02/25 14:54:28 [notice] 1#1: signal 17 (SIGCHLD) received from 28
2023/02/25 14:54:28 [notice] 1#1: worker process 28 exited with code 0
2023/02/25 14:54:28 [notice] 1#1: signal 29 (SIGIO) received
2023/02/25 14:54:28 [notice] 1#1: signal 17 (SIGCHLD) received from 27
2023/02/25 14:54:28 [notice] 1#1: worker process 27 exited with code 0
2023/02/25 14:54:28 [notice] 1#1: exit
2023/02/25 14:54:29 [emerg] 1#1: invalid location modifier "~/css/fonts" in /etc/nginx/conf.d/default.conf:10
2023/02/25 14:55:00 [emerg] 1#1: invalid location modifier "/css/fonts" in /etc/nginx/conf.d/default.conf:10
2023/02/25 14:55:30 [notice] 1#1: using the "epoll" event method
2023/02/25 14:55:30 [notice] 1#1: nginx/1.23.3
2023/02/25 14:55:30 [notice] 1#1: built by gcc 10.2.1 20210110 (Debian 10.2.1-6) 
2023/02/25 14:55:30 [notice] 1#1: OS: Linux 5.15.49-linuxkit
2023/02/25 14:55:30 [notice] 1#1: getrlimit(RLIMIT_NOFILE): 1048576:1048576
2023/02/25 14:55:30 [notice] 1#1: start worker processes
2023/02/25 14:55:30 [notice] 1#1: start worker process 27
2023/02/25 14:55:30 [notice] 1#1: start worker process 28
2023/02/25 14:57:47 [notice] 1#1: signal 3 (SIGQUIT) received, shutting down
2023/02/25 14:57:47 [notice] 28#28: gracefully shutting down
2023/02/25 14:57:47 [notice] 28#28: exiting
2023/02/25 14:57:47 [notice] 27#27: gracefully shutting down
2023/02/25 14:57:47 [notice] 27#27: exiting
2023/02/25 14:57:47 [notice] 28#28: exit
2023/02/25 14:57:47 [notice] 27#27: exit
2023/02/25 14:57:47 [notice] 1#1: signal 17 (SIGCHLD) received from 27
2023/02/25 14:57:47 [notice] 1#1: worker process 27 exited with code 0
2023/02/25 14:57:47 [notice] 1#1: signal 29 (SIGIO) received
2023/02/25 14:57:47 [notice] 1#1: signal 17 (SIGCHLD) received from 28
2023/02/25 14:57:47 [notice] 1#1: worker process 28 exited with code 0
2023/02/25 14:57:47 [notice] 1#1: exit
2023/02/25 14:57:47 [notice] 1#1: using the "epoll" event method
2023/02/25 14:57:47 [notice] 1#1: nginx/1.23.3
2023/02/25 14:57:47 [notice] 1#1: built by gcc 10.2.1 20210110 (Debian 10.2.1-6) 
2023/02/25 14:57:47 [notice] 1#1: OS: Linux 5.15.49-linuxkit
2023/02/25 14:57:47 [notice] 1#1: getrlimit(RLIMIT_NOFILE): 1048576:1048576
2023/02/25 14:57:47 [notice] 1#1: start worker processes
2023/02/25 14:57:47 [notice] 1#1: start worker process 28
2023/02/25 14:57:47 [notice] 1#1: start worker process 29
2023/02/25 14:58:51 [notice] 1#1: signal 3 (SIGQUIT) received, shutting down
2023/02/25 14:58:51 [notice] 28#28: gracefully shutting down
2023/02/25 14:58:51 [notice] 28#28: exiting
2023/02/25 14:58:51 [notice] 29#29: gracefully shutting down
2023/02/25 14:58:51 [notice] 29#29: exiting
2023/02/25 14:58:51 [notice] 28#28: exit
2023/02/25 14:58:51 [notice] 29#29: exit
2023/02/25 14:58:51 [notice] 1#1: signal 17 (SIGCHLD) received from 28
2023/02/25 14:58:51 [notice] 1#1: worker process 28 exited with code 0
2023/02/25 14:58:51 [notice] 1#1: signal 29 (SIGIO) received
2023/02/25 14:58:51 [notice] 1#1: signal 17 (SIGCHLD) received from 29
2023/02/25 14:58:51 [notice] 1#1: worker process 29 exited with code 0
2023/02/25 14:58:51 [notice] 1#1: exit
2023/02/25 14:58:52 [notice] 1#1: using the "epoll" event method
2023/02/25 14:58:52 [notice] 1#1: nginx/1.23.3
2023/02/25 14:58:52 [notice] 1#1: built by gcc 10.2.1 20210110 (Debian 10.2.1-6) 
2023/02/25 14:58:52 [notice] 1#1: OS: Linux 5.15.49-linuxkit
2023/02/25 14:58:52 [notice] 1#1: getrlimit(RLIMIT_NOFILE): 1048576:1048576
2023/02/25 14:58:52 [notice] 1#1: start worker processes
2023/02/25 14:58:52 [notice] 1#1: start worker process 28
2023/02/25 14:58:52 [notice] 1#1: start worker process 29
2023/02/25 15:06:08 [notice] 1#1: signal 3 (SIGQUIT) received, shutting down
2023/02/25 15:06:08 [notice] 29#29: gracefully shutting down
2023/02/25 15:06:08 [notice] 28#28: gracefully shutting down
2023/02/25 15:06:08 [notice] 28#28: exiting
2023/02/25 15:06:08 [notice] 29#29: exiting
2023/02/25 15:06:08 [notice] 28#28: exit
2023/02/25 15:06:08 [notice] 29#29: exit
2023/02/25 15:06:08 [notice] 1#1: signal 17 (SIGCHLD) received from 28
2023/02/25 15:06:08 [notice] 1#1: worker process 28 exited with code 0
2023/02/25 15:06:08 [notice] 1#1: signal 29 (SIGIO) received
2023/02/25 15:06:08 [notice] 1#1: signal 17 (SIGCHLD) received from 29
2023/02/25 15:06:08 [notice] 1#1: worker process 29 exited with code 0
2023/02/25 15:06:08 [notice] 1#1: exit
2023/02/25 15:06:08 [notice] 1#1: using the "epoll" event method
2023/02/25 15:06:08 [notice] 1#1: nginx/1.23.3
2023/02/25 15:06:08 [notice] 1#1: built by gcc 10.2.1 20210110 (Debian 10.2.1-6) 
2023/02/25 15:06:08 [notice] 1#1: OS: Linux 5.15.49-linuxkit
2023/02/25 15:06:08 [notice] 1#1: getrlimit(RLIMIT_NOFILE): 1048576:1048576
2023/02/25 15:06:08 [notice] 1#1: start worker processes
2023/02/25 15:06:08 [notice] 1#1: start worker process 28
2023/02/25 15:06:08 [notice] 1#1: start worker process 29
2023/02/25 15:06:41 [notice] 1#1: signal 3 (SIGQUIT) received, shutting down
2023/02/25 15:06:41 [notice] 28#28: gracefully shutting down
2023/02/25 15:06:41 [notice] 29#29: gracefully shutting down
2023/02/25 15:06:41 [notice] 29#29: exiting
2023/02/25 15:06:41 [notice] 28#28: exiting
2023/02/25 15:06:41 [notice] 28#28: exit
2023/02/25 15:06:41 [notice] 29#29: exit
2023/02/25 15:06:41 [notice] 1#1: signal 17 (SIGCHLD) received from 28
2023/02/25 15:06:41 [notice] 1#1: worker process 28 exited with code 0
2023/02/25 15:06:41 [notice] 1#1: signal 29 (SIGIO) received
2023/02/25 15:06:41 [notice] 1#1: signal 17 (SIGCHLD) received from 29
2023/02/25 15:06:41 [notice] 1#1: worker process 29 exited with code 0
2023/02/25 15:06:41 [notice] 1#1: exit
2023/02/25 15:06:53 [warn] 1#1: duplicate extension "woff", content type: "font/x-woff", previous content type: "font/woff" in /etc/nginx/mime.types:32
2023/02/25 15:06:53 [warn] 1#1: duplicate extension "eot", content type: "application/vnd.ms-fontobject", previous content type: "application/vnd.ms-fontobject" in /etc/nginx/mime.types:45
2023/02/25 15:06:53 [notice] 1#1: using the "epoll" event method
2023/02/25 15:06:53 [notice] 1#1: nginx/1.23.3
2023/02/25 15:06:53 [notice] 1#1: built by gcc 10.2.1 20210110 (Debian 10.2.1-6) 
2023/02/25 15:06:53 [notice] 1#1: OS: Linux 5.15.49-linuxkit
2023/02/25 15:06:53 [notice] 1#1: getrlimit(RLIMIT_NOFILE): 1048576:1048576
2023/02/25 15:06:53 [notice] 1#1: start worker processes
2023/02/25 15:06:53 [notice] 1#1: start worker process 28
2023/02/25 15:06:53 [notice] 1#1: start worker process 29
2023/02/25 15:07:49 [notice] 1#1: signal 3 (SIGQUIT) received, shutting down
2023/02/25 15:07:49 [notice] 28#28: gracefully shutting down
2023/02/25 15:07:49 [notice] 29#29: gracefully shutting down
2023/02/25 15:07:49 [notice] 28#28: exiting
2023/02/25 15:07:49 [notice] 28#28: exit
2023/02/25 15:07:49 [notice] 29#29: exiting
2023/02/25 15:07:49 [notice] 29#29: exit
2023/02/25 15:07:49 [notice] 1#1: signal 17 (SIGCHLD) received from 28
2023/02/25 15:07:49 [notice] 1#1: worker process 28 exited with code 0
2023/02/25 15:07:49 [notice] 1#1: signal 29 (SIGIO) received
2023/02/25 15:07:49 [notice] 1#1: signal 17 (SIGCHLD) received from 29
2023/02/25 15:07:49 [notice] 1#1: worker process 29 exited with code 0
2023/02/25 15:07:49 [notice] 1#1: exit
2023/02/25 15:07:50 [warn] 1#1: duplicate extension "woff", content type: "font/x-woff", previous content type: "font/woff" in /etc/nginx/mime.types:32
2023/02/25 15:07:50 [warn] 1#1: duplicate extension "eot", content type: "application/vnd.ms-fontobject", previous content type: "application/vnd.ms-fontobject" in /etc/nginx/mime.types:45
2023/02/25 15:07:50 [notice] 1#1: using the "epoll" event method
2023/02/25 15:07:50 [notice] 1#1: nginx/1.23.3
2023/02/25 15:07:50 [notice] 1#1: built by gcc 10.2.1 20210110 (Debian 10.2.1-6) 
2023/02/25 15:07:50 [notice] 1#1: OS: Linux 5.15.49-linuxkit
2023/02/25 15:07:50 [notice] 1#1: getrlimit(RLIMIT_NOFILE): 1048576:1048576
2023/02/25 15:07:50 [notice] 1#1: start worker processes
2023/02/25 15:07:50 [notice] 1#1: start worker process 28
2023/02/25 15:07:50 [notice] 1#1: start worker process 29
2023/02/25 15:08:24 [notice] 1#1: signal 3 (SIGQUIT) received, shutting down
2023/02/25 15:08:24 [notice] 29#29: gracefully shutting down
2023/02/25 15:08:24 [notice] 28#28: gracefully shutting down
2023/02/25 15:08:24 [notice] 29#29: exiting
2023/02/25 15:08:24 [notice] 28#28: exiting
2023/02/25 15:08:24 [notice] 28#28: exit
2023/02/25 15:08:24 [notice] 29#29: exit
2023/02/25 15:08:24 [notice] 1#1: signal 17 (SIGCHLD) received from 28
2023/02/25 15:08:24 [notice] 1#1: worker process 28 exited with code 0
2023/02/25 15:08:24 [notice] 1#1: worker process 29 exited with code 0
2023/02/25 15:08:24 [notice] 1#1: exit
2023/02/25 15:08:25 [warn] 1#1: duplicate extension "eot", content type: "application/vnd.ms-fontobject", previous content type: "application/vnd.ms-fontobject" in /etc/nginx/mime.types:44
2023/02/25 15:08:25 [notice] 1#1: using the "epoll" event method
2023/02/25 15:08:25 [notice] 1#1: nginx/1.23.3
2023/02/25 15:08:25 [notice] 1#1: built by gcc 10.2.1 20210110 (Debian 10.2.1-6) 
2023/02/25 15:08:25 [notice] 1#1: OS: Linux 5.15.49-linuxkit
2023/02/25 15:08:25 [notice] 1#1: getrlimit(RLIMIT_NOFILE): 1048576:1048576
2023/02/25 15:08:25 [notice] 1#1: start worker processes
2023/02/25 15:08:25 [notice] 1#1: start worker process 28
2023/02/25 15:08:25 [notice] 1#1: start worker process 29
2023/02/25 15:09:06 [notice] 1#1: signal 3 (SIGQUIT) received, shutting down
2023/02/25 15:09:06 [notice] 29#29: gracefully shutting down
2023/02/25 15:09:06 [notice] 29#29: exiting
2023/02/25 15:09:06 [notice] 28#28: gracefully shutting down
2023/02/25 15:09:06 [notice] 29#29: exit
2023/02/25 15:09:06 [notice] 28#28: exiting
2023/02/25 15:09:06 [notice] 28#28: exit
2023/02/25 15:09:06 [notice] 1#1: signal 17 (SIGCHLD) received from 29
2023/02/25 15:09:06 [notice] 1#1: worker process 29 exited with code 0
2023/02/25 15:09:06 [notice] 1#1: signal 29 (SIGIO) received
2023/02/25 15:09:06 [notice] 1#1: signal 17 (SIGCHLD) received from 28
2023/02/25 15:09:06 [notice] 1#1: worker process 28 exited with code 0
2023/02/25 15:09:06 [notice] 1#1: exit
2023/02/25 15:09:07 [notice] 1#1: using the "epoll" event method
2023/02/25 15:09:07 [notice] 1#1: nginx/1.23.3
2023/02/25 15:09:07 [notice] 1#1: built by gcc 10.2.1 20210110 (Debian 10.2.1-6) 
2023/02/25 15:09:07 [notice] 1#1: OS: Linux 5.15.49-linuxkit
2023/02/25 15:09:07 [notice] 1#1: getrlimit(RLIMIT_NOFILE): 1048576:1048576
2023/02/25 15:09:07 [notice] 1#1: start worker processes
2023/02/25 15:09:07 [notice] 1#1: start worker process 28
2023/02/25 15:09:07 [notice] 1#1: start worker process 29
2023/02/25 15:11:35 [notice] 1#1: signal 3 (SIGQUIT) received, shutting down
2023/02/25 15:11:35 [notice] 29#29: gracefully shutting down
2023/02/25 15:11:35 [notice] 28#28: gracefully shutting down
2023/02/25 15:11:35 [notice] 28#28: exiting
2023/02/25 15:11:35 [notice] 29#29: exiting
2023/02/25 15:11:35 [notice] 28#28: exit
2023/02/25 15:11:35 [notice] 29#29: exit
2023/02/25 15:11:35 [notice] 1#1: signal 17 (SIGCHLD) received from 28
2023/02/25 15:11:35 [notice] 1#1: worker process 28 exited with code 0
2023/02/25 15:11:35 [notice] 1#1: worker process 29 exited with code 0
2023/02/25 15:11:35 [notice] 1#1: exit
2023/02/25 15:11:36 [notice] 1#1: using the "epoll" event method
2023/02/25 15:11:36 [notice] 1#1: nginx/1.23.3
2023/02/25 15:11:36 [notice] 1#1: built by gcc 10.2.1 20210110 (Debian 10.2.1-6) 
2023/02/25 15:11:36 [notice] 1#1: OS: Linux 5.15.49-linuxkit
2023/02/25 15:11:36 [notice] 1#1: getrlimit(RLIMIT_NOFILE): 1048576:1048576
2023/02/25 15:11:36 [notice] 1#1: start worker processes
2023/02/25 15:11:36 [notice] 1#1: start worker process 28
2023/02/25 15:11:36 [notice] 1#1: start worker process 29
2023/02/25 15:14:31 [notice] 1#1: signal 3 (SIGQUIT) received, shutting down
2023/02/25 15:14:31 [notice] 28#28: gracefully shutting down
2023/02/25 15:14:31 [notice] 28#28: exiting
2023/02/25 15:14:31 [notice] 29#29: gracefully shutting down
2023/02/25 15:14:31 [notice] 28#28: exit
2023/02/25 15:14:31 [notice] 29#29: exiting
2023/02/25 15:14:31 [notice] 29#29: exit
2023/02/25 15:14:31 [notice] 1#1: signal 17 (SIGCHLD) received from 28
2023/02/25 15:14:31 [notice] 1#1: worker process 28 exited with code 0
2023/02/25 15:14:31 [notice] 1#1: signal 29 (SIGIO) received
2023/02/25 15:14:31 [notice] 1#1: signal 17 (SIGCHLD) received from 29
2023/02/25 15:14:31 [notice] 1#1: worker process 29 exited with code 0
2023/02/25 15:14:31 [notice] 1#1: exit
2023/02/25 15:14:33 [warn] 1#1: duplicate extension "woff", content type: "application/font-woff", previous content type: "font/woff" in /etc/nginx/mime.types:32
2023/02/25 15:14:33 [warn] 1#1: duplicate extension "woff2", content type: "application/font-woff2", previous content type: "font/woff2" in /etc/nginx/mime.types:33
2023/02/25 15:14:33 [warn] 1#1: duplicate extension "eot", content type: "application/vnd.ms-fontobject", previous content type: "application/vnd.ms-fontobject" in /etc/nginx/mime.types:47
2023/02/25 15:14:33 [notice] 1#1: using the "epoll" event method
2023/02/25 15:14:33 [notice] 1#1: nginx/1.23.3
2023/02/25 15:14:33 [notice] 1#1: built by gcc 10.2.1 20210110 (Debian 10.2.1-6) 
2023/02/25 15:14:33 [notice] 1#1: OS: Linux 5.15.49-linuxkit
2023/02/25 15:14:33 [notice] 1#1: getrlimit(RLIMIT_NOFILE): 1048576:1048576
2023/02/25 15:14:33 [notice] 1#1: start worker processes
2023/02/25 15:14:33 [notice] 1#1: start worker process 28
2023/02/25 15:14:33 [notice] 1#1: start worker process 29
2023/02/25 16:51:27 [notice] 1#1: signal 3 (SIGQUIT) received, shutting down
2023/02/25 16:51:28 [notice] 29#29: gracefully shutting down
2023/02/25 16:51:28 [notice] 28#28: gracefully shutting down
2023/02/25 16:51:28 [notice] 29#29: exiting
2023/02/25 16:51:28 [notice] 29#29: exit
2023/02/25 16:51:28 [notice] 28#28: exiting
2023/02/25 16:51:28 [notice] 28#28: exit
2023/02/25 16:51:28 [notice] 1#1: signal 17 (SIGCHLD) received from 28
2023/02/25 16:51:28 [notice] 1#1: worker process 28 exited with code 0
2023/02/25 16:51:28 [notice] 1#1: worker process 29 exited with code 0
2023/02/25 16:51:28 [notice] 1#1: exit
2023/02/25 16:51:40 [warn] 1#1: duplicate extension "woff", content type: "application/font-woff", previous content type: "font/woff" in /etc/nginx/mime.types:32
2023/02/25 16:51:40 [warn] 1#1: duplicate extension "woff2", content type: "application/font-woff2", previous content type: "font/woff2" in /etc/nginx/mime.types:33
2023/02/25 16:51:40 [warn] 1#1: duplicate extension "eot", content type: "application/vnd.ms-fontobject", previous content type: "application/vnd.ms-fontobject" in /etc/nginx/mime.types:47
2023/02/25 16:51:40 [notice] 1#1: using the "epoll" event method
2023/02/25 16:51:40 [notice] 1#1: nginx/1.23.3
2023/02/25 16:51:40 [notice] 1#1: built by gcc 10.2.1 20210110 (Debian 10.2.1-6) 
2023/02/25 16:51:40 [notice] 1#1: OS: Linux 5.15.49-linuxkit
2023/02/25 16:51:40 [notice] 1#1: getrlimit(RLIMIT_NOFILE): 1048576:1048576
2023/02/25 16:51:40 [notice] 1#1: start worker processes
2023/02/25 16:51:40 [notice] 1#1: start worker process 28
2023/02/25 16:51:40 [notice] 1#1: start worker process 29
2023/02/25 16:58:47 [notice] 1#1: signal 3 (SIGQUIT) received, shutting down
2023/02/25 16:58:47 [notice] 29#29: gracefully shutting down
2023/02/25 16:58:47 [notice] 29#29: exiting
2023/02/25 16:58:47 [notice] 28#28: gracefully shutting down
2023/02/25 16:58:47 [notice] 29#29: exit
2023/02/25 16:58:47 [notice] 28#28: exiting
2023/02/25 16:58:47 [notice] 28#28: exit
2023/02/25 16:58:47 [notice] 1#1: signal 17 (SIGCHLD) received from 29
2023/02/25 16:58:47 [notice] 1#1: worker process 29 exited with code 0
2023/02/25 16:58:47 [notice] 1#1: signal 29 (SIGIO) received
2023/02/25 16:58:47 [notice] 1#1: signal 17 (SIGCHLD) received from 28
2023/02/25 16:58:47 [notice] 1#1: worker process 28 exited with code 0
2023/02/25 16:58:47 [notice] 1#1: exit
2023/02/25 16:58:53 [warn] 1#1: duplicate extension "woff", content type: "application/font-woff", previous content type: "font/woff" in /etc/nginx/mime.types:32
2023/02/25 16:58:53 [warn] 1#1: duplicate extension "woff2", content type: "application/font-woff2", previous content type: "font/woff2" in /etc/nginx/mime.types:33
2023/02/25 16:58:53 [warn] 1#1: duplicate extension "eot", content type: "application/vnd.ms-fontobject", previous content type: "application/vnd.ms-fontobject" in /etc/nginx/mime.types:47
2023/02/25 16:58:53 [notice] 1#1: using the "epoll" event method
2023/02/25 16:58:53 [notice] 1#1: nginx/1.23.3
2023/02/25 16:58:53 [notice] 1#1: built by gcc 10.2.1 20210110 (Debian 10.2.1-6) 
2023/02/25 16:58:53 [notice] 1#1: OS: Linux 5.15.49-linuxkit
2023/02/25 16:58:53 [notice] 1#1: getrlimit(RLIMIT_NOFILE): 1048576:1048576
2023/02/25 16:58:53 [notice] 1#1: start worker processes
2023/02/25 16:58:53 [notice] 1#1: start worker process 29
2023/02/25 16:58:53 [notice] 1#1: start worker process 30
2023/02/25 16:59:35 [notice] 1#1: signal 3 (SIGQUIT) received, shutting down
2023/02/25 16:59:35 [notice] 29#29: gracefully shutting down
2023/02/25 16:59:35 [notice] 29#29: exiting
2023/02/25 16:59:35 [notice] 30#30: gracefully shutting down
2023/02/25 16:59:35 [notice] 29#29: exit
2023/02/25 16:59:35 [notice] 30#30: exiting
2023/02/25 16:59:35 [notice] 30#30: exit
2023/02/25 16:59:35 [notice] 1#1: signal 17 (SIGCHLD) received from 29
2023/02/25 16:59:35 [notice] 1#1: worker process 29 exited with code 0
2023/02/25 16:59:35 [notice] 1#1: signal 29 (SIGIO) received
2023/02/25 16:59:35 [notice] 1#1: signal 17 (SIGCHLD) received from 30
2023/02/25 16:59:35 [notice] 1#1: worker process 30 exited with code 0
2023/02/25 16:59:35 [notice] 1#1: exit
2023/02/25 16:59:36 [warn] 1#1: duplicate extension "woff", content type: "application/font-woff", previous content type: "font/woff" in /etc/nginx/mime.types:32
2023/02/25 16:59:36 [warn] 1#1: duplicate extension "woff2", content type: "application/font-woff2", previous content type: "font/woff2" in /etc/nginx/mime.types:33
2023/02/25 16:59:36 [warn] 1#1: duplicate extension "eot", content type: "application/vnd.ms-fontobject", previous content type: "application/vnd.ms-fontobject" in /etc/nginx/mime.types:47
2023/02/25 16:59:36 [notice] 1#1: using the "epoll" event method
2023/02/25 16:59:36 [notice] 1#1: nginx/1.23.3
2023/02/25 16:59:36 [notice] 1#1: built by gcc 10.2.1 20210110 (Debian 10.2.1-6) 
2023/02/25 16:59:36 [notice] 1#1: OS: Linux 5.15.49-linuxkit
2023/02/25 16:59:36 [notice] 1#1: getrlimit(RLIMIT_NOFILE): 1048576:1048576
2023/02/25 16:59:36 [notice] 1#1: start worker processes
2023/02/25 16:59:36 [notice] 1#1: start worker process 28
2023/02/25 16:59:36 [notice] 1#1: start worker process 29
2023/02/25 17:05:10 [notice] 1#1: signal 3 (SIGQUIT) received, shutting down
2023/02/25 17:05:10 [notice] 28#28: gracefully shutting down
2023/02/25 17:05:10 [notice] 29#29: gracefully shutting down
2023/02/25 17:05:10 [notice] 29#29: exiting
2023/02/25 17:05:10 [notice] 28#28: exiting
2023/02/25 17:05:10 [notice] 29#29: exit
2023/02/25 17:05:10 [notice] 28#28: exit
2023/02/25 17:05:10 [notice] 1#1: signal 17 (SIGCHLD) received from 29
2023/02/25 17:05:10 [notice] 1#1: worker process 29 exited with code 0
2023/02/25 17:05:10 [notice] 1#1: signal 29 (SIGIO) received
2023/02/25 17:05:10 [notice] 1#1: signal 17 (SIGCHLD) received from 28
2023/02/25 17:05:10 [notice] 1#1: worker process 28 exited with code 0
2023/02/25 17:05:10 [notice] 1#1: exit
2023/02/25 17:05:16 [warn] 1#1: duplicate extension "woff", content type: "application/font-woff", previous content type: "font/woff" in /etc/nginx/mime.types:32
2023/02/25 17:05:16 [warn] 1#1: duplicate extension "woff2", content type: "application/font-woff2", previous content type: "font/woff2" in /etc/nginx/mime.types:33
2023/02/25 17:05:16 [warn] 1#1: duplicate extension "eot", content type: "application/vnd.ms-fontobject", previous content type: "application/vnd.ms-fontobject" in /etc/nginx/mime.types:47
2023/02/25 17:05:16 [warn] 1#1: duplicate extension "woff", content type: "application/font-woff", previous content type: "font/woff" in /etc/nginx/mime.types:32
2023/02/25 17:05:16 [warn] 1#1: duplicate extension "woff2", content type: "application/font-woff2", previous content type: "font/woff2" in /etc/nginx/mime.types:33
2023/02/25 17:05:16 [warn] 1#1: duplicate extension "eot", content type: "application/vnd.ms-fontobject", previous content type: "application/vnd.ms-fontobject" in /etc/nginx/mime.types:47
2023/02/25 17:05:16 [notice] 1#1: using the "epoll" event method
2023/02/25 17:05:16 [notice] 1#1: nginx/1.23.3
2023/02/25 17:05:16 [notice] 1#1: built by gcc 10.2.1 20210110 (Debian 10.2.1-6) 
2023/02/25 17:05:16 [notice] 1#1: OS: Linux 5.15.49-linuxkit
2023/02/25 17:05:16 [notice] 1#1: getrlimit(RLIMIT_NOFILE): 1048576:1048576
2023/02/25 17:05:16 [notice] 1#1: start worker processes
2023/02/25 17:05:16 [notice] 1#1: start worker process 28
2023/02/25 17:05:16 [notice] 1#1: start worker process 29
2023/02/25 17:06:53 [notice] 1#1: signal 3 (SIGQUIT) received, shutting down
2023/02/25 17:06:53 [notice] 29#29: gracefully shutting down
2023/02/25 17:06:53 [notice] 29#29: exiting
2023/02/25 17:06:53 [notice] 28#28: gracefully shutting down
2023/02/25 17:06:53 [notice] 29#29: exit
2023/02/25 17:06:53 [notice] 28#28: exiting
2023/02/25 17:06:53 [notice] 28#28: exit
2023/02/25 17:06:53 [notice] 1#1: signal 17 (SIGCHLD) received from 29
2023/02/25 17:06:53 [notice] 1#1: worker process 29 exited with code 0
2023/02/25 17:06:53 [notice] 1#1: signal 29 (SIGIO) received
2023/02/25 17:06:53 [notice] 1#1: signal 17 (SIGCHLD) received from 28
2023/02/25 17:06:53 [notice] 1#1: worker process 28 exited with code 0
2023/02/25 17:06:53 [notice] 1#1: exit
2023/02/25 17:07:28 [warn] 1#1: duplicate extension "woff", content type: "application/font-woff", previous content type: "font/woff" in /etc/nginx/mime.types:32
2023/02/25 17:07:28 [warn] 1#1: duplicate extension "woff2", content type: "application/font-woff2", previous content type: "font/woff2" in /etc/nginx/mime.types:33
2023/02/25 17:07:28 [warn] 1#1: duplicate extension "eot", content type: "application/vnd.ms-fontobject", previous content type: "application/vnd.ms-fontobject" in /etc/nginx/mime.types:47
2023/02/25 17:07:28 [warn] 1#1: duplicate extension "woff", content type: "application/font-woff", previous content type: "font/woff" in /etc/nginx/mime.types:32
2023/02/25 17:07:28 [warn] 1#1: duplicate extension "woff2", content type: "application/font-woff2", previous content type: "font/woff2" in /etc/nginx/mime.types:33
2023/02/25 17:07:28 [warn] 1#1: duplicate extension "eot", content type: "application/vnd.ms-fontobject", previous content type: "application/vnd.ms-fontobject" in /etc/nginx/mime.types:47
2023/02/25 17:07:28 [notice] 1#1: using the "epoll" event method
2023/02/25 17:07:28 [notice] 1#1: nginx/1.23.3
2023/02/25 17:07:28 [notice] 1#1: built by gcc 10.2.1 20210110 (Debian 10.2.1-6) 
2023/02/25 17:07:28 [notice] 1#1: OS: Linux 5.15.49-linuxkit
2023/02/25 17:07:28 [notice] 1#1: getrlimit(RLIMIT_NOFILE): 1048576:1048576
2023/02/25 17:07:28 [notice] 1#1: start worker processes
2023/02/25 17:07:28 [notice] 1#1: start worker process 27
2023/02/25 17:07:28 [notice] 1#1: start worker process 28
2023/02/25 17:09:14 [notice] 1#1: signal 3 (SIGQUIT) received, shutting down
2023/02/25 17:09:14 [notice] 28#28: gracefully shutting down
2023/02/25 17:09:14 [notice] 28#28: exiting
2023/02/25 17:09:14 [notice] 27#27: gracefully shutting down
2023/02/25 17:09:14 [notice] 28#28: exit
2023/02/25 17:09:14 [notice] 27#27: exiting
2023/02/25 17:09:14 [notice] 27#27: exit
2023/02/25 17:09:14 [notice] 1#1: signal 17 (SIGCHLD) received from 28
2023/02/25 17:09:14 [notice] 1#1: worker process 28 exited with code 0
2023/02/25 17:09:14 [notice] 1#1: signal 29 (SIGIO) received
2023/02/25 17:09:14 [notice] 1#1: signal 17 (SIGCHLD) received from 27
2023/02/25 17:09:14 [notice] 1#1: worker process 27 exited with code 0
2023/02/25 17:09:14 [notice] 1#1: exit
2023/02/25 17:09:23 [warn] 1#1: duplicate extension "woff", content type: "application/font-woff", previous content type: "font/woff" in /etc/nginx/mime.types:32
2023/02/25 17:09:23 [warn] 1#1: duplicate extension "woff2", content type: "application/font-woff2", previous content type: "font/woff2" in /etc/nginx/mime.types:33
2023/02/25 17:09:23 [warn] 1#1: duplicate extension "eot", content type: "application/vnd.ms-fontobject", previous content type: "application/vnd.ms-fontobject" in /etc/nginx/mime.types:47
2023/02/25 17:09:23 [notice] 1#1: using the "epoll" event method
2023/02/25 17:09:23 [notice] 1#1: nginx/1.23.3
2023/02/25 17:09:23 [notice] 1#1: built by gcc 10.2.1 20210110 (Debian 10.2.1-6) 
2023/02/25 17:09:23 [notice] 1#1: OS: Linux 5.15.49-linuxkit
2023/02/25 17:09:23 [notice] 1#1: getrlimit(RLIMIT_NOFILE): 1048576:1048576
2023/02/25 17:09:23 [notice] 1#1: start worker processes
2023/02/25 17:09:23 [notice] 1#1: start worker process 28
2023/02/25 17:09:23 [notice] 1#1: start worker process 29
2023/02/25 17:10:52 [notice] 1#1: signal 3 (SIGQUIT) received, shutting down
2023/02/25 17:10:52 [notice] 28#28: gracefully shutting down
2023/02/25 17:10:52 [notice] 29#29: gracefully shutting down
2023/02/25 17:10:52 [notice] 29#29: exiting
2023/02/25 17:10:52 [notice] 28#28: exiting
2023/02/25 17:10:52 [notice] 29#29: exit
2023/02/25 17:10:52 [notice] 28#28: exit
2023/02/25 17:10:52 [notice] 1#1: signal 17 (SIGCHLD) received from 29
2023/02/25 17:10:52 [notice] 1#1: worker process 29 exited with code 0
2023/02/25 17:10:52 [notice] 1#1: signal 17 (SIGCHLD) received from 28
2023/02/25 17:10:52 [notice] 1#1: worker process 28 exited with code 0
2023/02/25 17:10:52 [notice] 1#1: exit
2023/02/25 17:10:58 [warn] 1#1: duplicate extension "woff", content type: "application/font-woff", previous content type: "font/woff" in /etc/nginx/mime.types:32
2023/02/25 17:10:58 [warn] 1#1: duplicate extension "woff2", content type: "application/font-woff2", previous content type: "font/woff2" in /etc/nginx/mime.types:33
2023/02/25 17:10:58 [warn] 1#1: duplicate extension "eot", content type: "application/vnd.ms-fontobject", previous content type: "application/vnd.ms-fontobject" in /etc/nginx/mime.types:47
2023/02/25 17:10:58 [notice] 1#1: using the "epoll" event method
2023/02/25 17:10:58 [notice] 1#1: nginx/1.23.3
2023/02/25 17:10:58 [notice] 1#1: built by gcc 10.2.1 20210110 (Debian 10.2.1-6) 
2023/02/25 17:10:58 [notice] 1#1: OS: Linux 5.15.49-linuxkit
2023/02/25 17:10:58 [notice] 1#1: getrlimit(RLIMIT_NOFILE): 1048576:1048576
2023/02/25 17:10:58 [notice] 1#1: start worker processes
2023/02/25 17:10:58 [notice] 1#1: start worker process 27
2023/02/25 17:10:58 [notice] 1#1: start worker process 28
2023/02/25 17:14:33 [notice] 1#1: signal 3 (SIGQUIT) received, shutting down
2023/02/25 17:14:33 [notice] 27#27: gracefully shutting down
2023/02/25 17:14:33 [notice] 27#27: exiting
2023/02/25 17:14:33 [notice] 28#28: gracefully shutting down
2023/02/25 17:14:33 [notice] 28#28: exiting
2023/02/25 17:14:33 [notice] 27#27: exit
2023/02/25 17:14:33 [notice] 28#28: exit
2023/02/25 17:14:33 [notice] 1#1: signal 17 (SIGCHLD) received from 27
2023/02/25 17:14:33 [notice] 1#1: worker process 27 exited with code 0
2023/02/25 17:14:33 [notice] 1#1: signal 29 (SIGIO) received
2023/02/25 17:14:33 [notice] 1#1: signal 17 (SIGCHLD) received from 28
2023/02/25 17:14:33 [notice] 1#1: worker process 28 exited with code 0
2023/02/25 17:14:33 [notice] 1#1: exit
2023/02/25 17:14:48 [warn] 1#1: duplicate extension "woff", content type: "application/font-woff", previous content type: "font/woff" in /etc/nginx/mime.types:32
2023/02/25 17:14:48 [warn] 1#1: duplicate extension "woff2", content type: "application/font-woff2", previous content type: "font/woff2" in /etc/nginx/mime.types:33
2023/02/25 17:14:48 [warn] 1#1: duplicate extension "eot", content type: "application/vnd.ms-fontobject", previous content type: "application/vnd.ms-fontobject" in /etc/nginx/mime.types:47
2023/02/25 17:14:48 [emerg] 1#1: unexpected "}" in /etc/nginx/conf.d/default.conf:17
2023/02/25 17:15:40 [warn] 1#1: duplicate extension "woff", content type: "application/font-woff", previous content type: "font/woff" in /etc/nginx/mime.types:32
2023/02/25 17:15:40 [warn] 1#1: duplicate extension "woff2", content type: "application/font-woff2", previous content type: "font/woff2" in /etc/nginx/mime.types:33
2023/02/25 17:15:40 [warn] 1#1: duplicate extension "eot", content type: "application/vnd.ms-fontobject", previous content type: "application/vnd.ms-fontobject" in /etc/nginx/mime.types:47
2023/02/25 17:15:40 [emerg] 1#1: unexpected "}" in /etc/nginx/conf.d/default.conf:17
2023/02/25 17:19:04 [warn] 1#1: duplicate extension "woff", content type: "application/font-woff", previous content type: "font/woff" in /etc/nginx/mime.types:32
2023/02/25 17:19:04 [warn] 1#1: duplicate extension "woff2", content type: "application/font-woff2", previous content type: "font/woff2" in /etc/nginx/mime.types:33
2023/02/25 17:19:04 [warn] 1#1: duplicate extension "eot", content type: "application/vnd.ms-fontobject", previous content type: "application/vnd.ms-fontobject" in /etc/nginx/mime.types:47
2023/02/25 17:19:04 [notice] 1#1: using the "epoll" event method
2023/02/25 17:19:04 [notice] 1#1: nginx/1.23.3
2023/02/25 17:19:04 [notice] 1#1: built by gcc 10.2.1 20210110 (Debian 10.2.1-6) 
2023/02/25 17:19:04 [notice] 1#1: OS: Linux 5.15.49-linuxkit
2023/02/25 17:19:04 [notice] 1#1: getrlimit(RLIMIT_NOFILE): 1048576:1048576
2023/02/25 17:19:04 [notice] 1#1: start worker processes
2023/02/25 17:19:04 [notice] 1#1: start worker process 28
2023/02/25 17:19:04 [notice] 1#1: start worker process 29
2023/02/25 20:21:55 [notice] 1#1: signal 3 (SIGQUIT) received, shutting down
2023/02/25 20:21:55 [notice] 29#29: gracefully shutting down
2023/02/25 20:21:55 [notice] 29#29: exiting
2023/02/25 20:21:55 [notice] 28#28: gracefully shutting down
2023/02/25 20:21:55 [notice] 28#28: exiting
2023/02/25 20:21:55 [notice] 29#29: exit
2023/02/25 20:21:55 [notice] 28#28: exit
2023/02/25 20:21:55 [notice] 1#1: signal 17 (SIGCHLD) received from 29
2023/02/25 20:21:55 [notice] 1#1: worker process 29 exited with code 0
2023/02/25 20:21:55 [notice] 1#1: signal 29 (SIGIO) received
2023/02/25 20:21:55 [notice] 1#1: signal 17 (SIGCHLD) received from 28
2023/02/25 20:21:55 [notice] 1#1: worker process 28 exited with code 0
2023/02/25 20:21:55 [notice] 1#1: exit
2023/02/25 20:22:09 [warn] 1#1: duplicate extension "woff", content type: "application/font-woff", previous content type: "font/woff" in /etc/nginx/mime.types:32
2023/02/25 20:22:09 [warn] 1#1: duplicate extension "woff2", content type: "application/font-woff2", previous content type: "font/woff2" in /etc/nginx/mime.types:33
2023/02/25 20:22:09 [warn] 1#1: duplicate extension "eot", content type: "application/vnd.ms-fontobject", previous content type: "application/vnd.ms-fontobject" in /etc/nginx/mime.types:47
2023/02/25 20:22:09 [emerg] 1#1: invalid number of arguments in "root" directive in /etc/nginx/conf.d/default.conf:17
2023/02/25 20:23:15 [warn] 1#1: duplicate extension "woff", content type: "application/font-woff", previous content type: "font/woff" in /etc/nginx/mime.types:32
2023/02/25 20:23:15 [warn] 1#1: duplicate extension "woff2", content type: "application/font-woff2", previous content type: "font/woff2" in /etc/nginx/mime.types:33
2023/02/25 20:23:15 [warn] 1#1: duplicate extension "eot", content type: "application/vnd.ms-fontobject", previous content type: "application/vnd.ms-fontobject" in /etc/nginx/mime.types:47
2023/02/25 20:23:15 [notice] 1#1: using the "epoll" event method
2023/02/25 20:23:15 [notice] 1#1: nginx/1.23.3
2023/02/25 20:23:15 [notice] 1#1: built by gcc 10.2.1 20210110 (Debian 10.2.1-6) 
2023/02/25 20:23:15 [notice] 1#1: OS: Linux 5.15.49-linuxkit
2023/02/25 20:23:15 [notice] 1#1: getrlimit(RLIMIT_NOFILE): 1048576:1048576
2023/02/25 20:23:15 [notice] 1#1: start worker processes
2023/02/25 20:23:15 [notice] 1#1: start worker process 28
2023/02/25 20:23:15 [notice] 1#1: start worker process 29
2023/02/25 20:29:38 [notice] 1#1: signal 3 (SIGQUIT) received, shutting down
2023/02/25 20:29:38 [notice] 28#28: gracefully shutting down
2023/02/25 20:29:38 [notice] 29#29: gracefully shutting down
2023/02/25 20:29:38 [notice] 28#28: exiting
2023/02/25 20:29:38 [notice] 29#29: exiting
2023/02/25 20:29:38 [notice] 28#28: exit
2023/02/25 20:29:38 [notice] 29#29: exit
2023/02/25 20:29:38 [notice] 1#1: signal 17 (SIGCHLD) received from 28
2023/02/25 20:29:38 [notice] 1#1: worker process 28 exited with code 0
2023/02/25 20:29:38 [notice] 1#1: signal 29 (SIGIO) received
2023/02/25 20:29:38 [notice] 1#1: signal 17 (SIGCHLD) received from 29
2023/02/25 20:29:38 [notice] 1#1: worker process 29 exited with code 0
2023/02/25 20:29:38 [notice] 1#1: exit
2023/02/25 20:29:38 [warn] 1#1: duplicate extension "woff", content type: "application/font-woff", previous content type: "font/woff" in /etc/nginx/mime.types:32
2023/02/25 20:29:38 [warn] 1#1: duplicate extension "woff2", content type: "application/font-woff2", previous content type: "font/woff2" in /etc/nginx/mime.types:33
2023/02/25 20:29:38 [warn] 1#1: duplicate extension "eot", content type: "application/vnd.ms-fontobject", previous content type: "application/vnd.ms-fontobject" in /etc/nginx/mime.types:47
2023/02/25 20:29:38 [notice] 1#1: using the "epoll" event method
2023/02/25 20:29:38 [notice] 1#1: nginx/1.23.3
2023/02/25 20:29:38 [notice] 1#1: built by gcc 10.2.1 20210110 (Debian 10.2.1-6) 
2023/02/25 20:29:38 [notice] 1#1: OS: Linux 5.15.49-linuxkit
2023/02/25 20:29:38 [notice] 1#1: getrlimit(RLIMIT_NOFILE): 1048576:1048576
2023/02/25 20:29:38 [notice] 1#1: start worker processes
2023/02/25 20:29:38 [notice] 1#1: start worker process 28
2023/02/25 20:29:38 [notice] 1#1: start worker process 29
2023/02/25 20:29:43 [error] 28#28: *1 open() "/var/www/html/css/satochi.css" failed (2: No such file or directory), client: 172.30.0.1, server: diboard.local, request: "GET /css/satochi.css HTTP/1.1", host: "localhost:8080", referrer: "http://localhost:8080/"
2023/02/25 20:29:45 [error] 29#29: *3 open() "/var/www/html/css/satochi.css" failed (2: No such file or directory), client: 172.30.0.1, server: diboard.local, request: "GET /css/satochi.css HTTP/1.1", host: "localhost:8080", referrer: "http://localhost:8080/"
2023/02/25 20:34:25 [notice] 1#1: signal 3 (SIGQUIT) received, shutting down
2023/02/25 20:34:25 [notice] 29#29: gracefully shutting down
2023/02/25 20:34:25 [notice] 28#28: gracefully shutting down
2023/02/25 20:34:25 [notice] 28#28: exiting
2023/02/25 20:34:25 [notice] 29#29: exiting
2023/02/25 20:34:25 [notice] 28#28: exit
2023/02/25 20:34:25 [notice] 29#29: exit
2023/02/25 20:34:25 [notice] 1#1: signal 17 (SIGCHLD) received from 28
2023/02/25 20:34:25 [notice] 1#1: worker process 28 exited with code 0
2023/02/25 20:34:25 [notice] 1#1: signal 29 (SIGIO) received
2023/02/25 20:34:25 [notice] 1#1: signal 17 (SIGCHLD) received from 29
2023/02/25 20:34:25 [notice] 1#1: worker process 29 exited with code 0
2023/02/25 20:34:25 [notice] 1#1: exit
2023/02/25 20:34:26 [notice] 1#1: using the "epoll" event method
2023/02/25 20:34:26 [notice] 1#1: nginx/1.23.3
2023/02/25 20:34:26 [notice] 1#1: built by gcc 10.2.1 20210110 (Debian 10.2.1-6) 
2023/02/25 20:34:26 [notice] 1#1: OS: Linux 5.15.49-linuxkit
2023/02/25 20:34:26 [notice] 1#1: getrlimit(RLIMIT_NOFILE): 1048576:1048576
2023/02/25 20:34:26 [notice] 1#1: start worker processes
2023/02/25 20:34:26 [notice] 1#1: start worker process 28
2023/02/25 20:34:26 [notice] 1#1: start worker process 29
2023/02/25 20:34:31 [error] 28#28: *1 open() "/var/www/html/css/satochi.css" failed (2: No such file or directory), client: 172.30.0.1, server: diboard.local, request: "GET /css/satochi.css HTTP/1.1", host: "localhost:8080", referrer: "http://localhost:8080/"
2023/02/25 20:37:48 [notice] 1#1: signal 3 (SIGQUIT) received, shutting down
2023/02/25 20:37:48 [notice] 28#28: gracefully shutting down
2023/02/25 20:37:48 [notice] 28#28: exiting
2023/02/25 20:37:48 [notice] 29#29: gracefully shutting down
2023/02/25 20:37:48 [notice] 28#28: exit
2023/02/25 20:37:48 [notice] 29#29: exiting
2023/02/25 20:37:48 [notice] 29#29: exit
2023/02/25 20:37:48 [notice] 1#1: signal 17 (SIGCHLD) received from 28
2023/02/25 20:37:48 [notice] 1#1: worker process 28 exited with code 0
2023/02/25 20:37:48 [notice] 1#1: worker process 29 exited with code 0
2023/02/25 20:37:48 [notice] 1#1: exit
2023/02/25 20:38:01 [notice] 1#1: using the "epoll" event method
2023/02/25 20:38:01 [notice] 1#1: nginx/1.23.3
2023/02/25 20:38:01 [notice] 1#1: built by gcc 10.2.1 20210110 (Debian 10.2.1-6) 
2023/02/25 20:38:01 [notice] 1#1: OS: Linux 5.15.49-linuxkit
2023/02/25 20:38:01 [notice] 1#1: getrlimit(RLIMIT_NOFILE): 1048576:1048576
2023/02/25 20:38:01 [notice] 1#1: start worker processes
2023/02/25 20:38:01 [notice] 1#1: start worker process 28
2023/02/25 20:38:01 [notice] 1#1: start worker process 29
2023/02/25 20:38:05 [error] 28#28: *1 open() "/var/www/html/css/satochi.css" failed (2: No such file or directory), client: 172.31.0.1, server: diboard.local, request: "GET /css/satochi.css HTTP/1.1", host: "localhost:8080", referrer: "http://localhost:8080/"
2023/02/25 20:38:05 [error] 29#29: *4 open() "/var/www/html/css/styles.css" failed (2: No such file or directory), client: 172.31.0.1, server: diboard.local, request: "GET /css/styles.css HTTP/1.1", host: "localhost:8080", referrer: "http://localhost:8080/"
2023/02/25 20:38:25 [error] 28#28: *5 open() "/var/www/html/css/satochi.css" failed (2: No such file or directory), client: 172.31.0.1, server: diboard.local, request: "GET /css/satochi.css HTTP/1.1", host: "localhost:8080", referrer: "http://localhost:8080/"
2023/02/25 20:38:25 [error] 28#28: *8 open() "/var/www/html/css/styles.css" failed (2: No such file or directory), client: 172.31.0.1, server: diboard.local, request: "GET /css/styles.css HTTP/1.1", host: "localhost:8080", referrer: "http://localhost:8080/"
2023/02/25 20:42:14 [error] 29#29: *27 open() "/var/www/html/css/styles.css" failed (2: No such file or directory), client: 172.31.0.1, server: diboard.local, request: "GET //css/styles.css HTTP/1.1", host: "localhost:8080", referrer: "http://localhost:8080/"
2023/02/25 20:44:45 [notice] 1#1: signal 3 (SIGQUIT) received, shutting down
2023/02/25 20:44:45 [notice] 29#29: gracefully shutting down
2023/02/25 20:44:45 [notice] 29#29: exiting
2023/02/25 20:44:45 [notice] 28#28: gracefully shutting down
2023/02/25 20:44:45 [notice] 29#29: exit
2023/02/25 20:44:45 [notice] 28#28: exiting
2023/02/25 20:44:45 [notice] 28#28: exit
2023/02/25 20:44:45 [notice] 1#1: signal 17 (SIGCHLD) received from 29
2023/02/25 20:44:45 [notice] 1#1: worker process 29 exited with code 0
2023/02/25 20:44:45 [notice] 1#1: signal 29 (SIGIO) received
2023/02/25 20:44:45 [notice] 1#1: signal 17 (SIGCHLD) received from 28
2023/02/25 20:44:45 [notice] 1#1: worker process 28 exited with code 0
2023/02/25 20:44:45 [notice] 1#1: exit
2023/02/25 20:45:12 [emerg] 1#1: invalid number of arguments in "root" directive in /etc/nginx/conf.d/default.conf:17
2023/02/25 20:46:32 [notice] 1#1: using the "epoll" event method
2023/02/25 20:46:32 [notice] 1#1: nginx/1.23.3
2023/02/25 20:46:32 [notice] 1#1: built by gcc 10.2.1 20210110 (Debian 10.2.1-6) 
2023/02/25 20:46:32 [notice] 1#1: OS: Linux 5.15.49-linuxkit
2023/02/25 20:46:32 [notice] 1#1: getrlimit(RLIMIT_NOFILE): 1048576:1048576
2023/02/25 20:46:32 [notice] 1#1: start worker processes
2023/02/25 20:46:32 [notice] 1#1: start worker process 28
2023/02/25 20:46:32 [notice] 1#1: start worker process 29
2023/02/26 09:07:15 [emerg] 1#1: invalid location modifier "/public/" in /etc/nginx/conf.d/default.conf:15
2023/02/26 09:39:30 [notice] 1#1: using the "epoll" event method
2023/02/26 09:39:30 [notice] 1#1: nginx/1.23.3
2023/02/26 09:39:30 [notice] 1#1: built by gcc 10.2.1 20210110 (Debian 10.2.1-6) 
2023/02/26 09:39:30 [notice] 1#1: OS: Linux 5.15.49-linuxkit
2023/02/26 09:39:30 [notice] 1#1: getrlimit(RLIMIT_NOFILE): 1048576:1048576
2023/02/26 09:39:30 [notice] 1#1: start worker processes
2023/02/26 09:39:30 [notice] 1#1: start worker process 28
2023/02/26 09:39:30 [notice] 1#1: start worker process 29
2023/02/26 10:05:03 [notice] 1#1: signal 3 (SIGQUIT) received, shutting down
2023/02/26 10:05:03 [notice] 29#29: gracefully shutting down
2023/02/26 10:05:03 [notice] 29#29: exiting
2023/02/26 10:05:03 [notice] 28#28: gracefully shutting down
2023/02/26 10:05:03 [notice] 29#29: exit
2023/02/26 10:05:03 [notice] 28#28: exiting
2023/02/26 10:05:03 [notice] 28#28: exit
2023/02/26 10:05:03 [notice] 1#1: signal 17 (SIGCHLD) received from 28
2023/02/26 10:05:03 [notice] 1#1: worker process 28 exited with code 0
2023/02/26 10:05:03 [notice] 1#1: worker process 29 exited with code 0
2023/02/26 10:05:03 [notice] 1#1: exit
2023/02/26 10:06:30 [notice] 1#1: using the "epoll" event method
2023/02/26 10:06:30 [notice] 1#1: nginx/1.23.3
2023/02/26 10:06:30 [notice] 1#1: built by gcc 10.2.1 20210110 (Debian 10.2.1-6) 
2023/02/26 10:06:30 [notice] 1#1: OS: Linux 5.15.49-linuxkit
2023/02/26 10:06:30 [notice] 1#1: getrlimit(RLIMIT_NOFILE): 1048576:1048576
2023/02/26 10:06:30 [notice] 1#1: start worker processes
2023/02/26 10:06:30 [notice] 1#1: start worker process 28
2023/02/26 10:06:30 [notice] 1#1: start worker process 29
2023/02/26 10:20:07 [notice] 1#1: signal 3 (SIGQUIT) received, shutting down
2023/02/26 10:20:07 [notice] 28#28: gracefully shutting down
2023/02/26 10:20:07 [notice] 28#28: exiting
2023/02/26 10:20:07 [notice] 29#29: gracefully shutting down
2023/02/26 10:20:07 [notice] 29#29: exiting
2023/02/26 10:20:07 [notice] 28#28: exit
2023/02/26 10:20:07 [notice] 29#29: exit
2023/02/26 10:20:07 [notice] 1#1: signal 17 (SIGCHLD) received from 28
2023/02/26 10:20:07 [notice] 1#1: worker process 28 exited with code 0
2023/02/26 10:20:07 [notice] 1#1: signal 29 (SIGIO) received
2023/02/26 10:20:07 [notice] 1#1: signal 17 (SIGCHLD) received from 29
2023/02/26 10:20:07 [notice] 1#1: worker process 29 exited with code 0
2023/02/26 10:20:07 [notice] 1#1: exit
2023/02/26 10:20:07 [notice] 1#1: using the "epoll" event method
2023/02/26 10:20:07 [notice] 1#1: nginx/1.23.3
2023/02/26 10:20:07 [notice] 1#1: built by gcc 10.2.1 20210110 (Debian 10.2.1-6) 
2023/02/26 10:20:07 [notice] 1#1: OS: Linux 5.15.49-linuxkit
2023/02/26 10:20:07 [notice] 1#1: getrlimit(RLIMIT_NOFILE): 1048576:1048576
2023/02/26 10:20:07 [notice] 1#1: start worker processes
2023/02/26 10:20:07 [notice] 1#1: start worker process 28
2023/02/26 10:20:07 [notice] 1#1: start worker process 29
2023/02/26 10:27:23 [notice] 1#1: signal 3 (SIGQUIT) received, shutting down
2023/02/26 10:27:23 [notice] 28#28: gracefully shutting down
2023/02/26 10:27:23 [notice] 28#28: exiting
2023/02/26 10:27:23 [notice] 29#29: gracefully shutting down
2023/02/26 10:27:23 [notice] 29#29: exiting
2023/02/26 10:27:23 [notice] 28#28: exit
2023/02/26 10:27:23 [notice] 29#29: exit
2023/02/26 10:27:23 [notice] 1#1: signal 17 (SIGCHLD) received from 28
2023/02/26 10:27:23 [notice] 1#1: worker process 28 exited with code 0
2023/02/26 10:27:23 [notice] 1#1: signal 29 (SIGIO) received
2023/02/26 10:27:23 [notice] 1#1: signal 17 (SIGCHLD) received from 29
2023/02/26 10:27:23 [notice] 1#1: worker process 29 exited with code 0
2023/02/26 10:27:23 [notice] 1#1: exit
2023/02/26 10:27:24 [notice] 1#1: using the "epoll" event method
2023/02/26 10:27:24 [notice] 1#1: nginx/1.23.3
2023/02/26 10:27:24 [notice] 1#1: built by gcc 10.2.1 20210110 (Debian 10.2.1-6) 
2023/02/26 10:27:24 [notice] 1#1: OS: Linux 5.15.49-linuxkit
2023/02/26 10:27:24 [notice] 1#1: getrlimit(RLIMIT_NOFILE): 1048576:1048576
2023/02/26 10:27:24 [notice] 1#1: start worker processes
2023/02/26 10:27:24 [notice] 1#1: start worker process 29
2023/02/26 10:27:24 [notice] 1#1: start worker process 30
2023/02/26 10:27:33 [notice] 1#1: signal 3 (SIGQUIT) received, shutting down
2023/02/26 10:27:33 [notice] 30#30: gracefully shutting down
2023/02/26 10:27:33 [notice] 30#30: exiting
2023/02/26 10:27:33 [notice] 29#29: gracefully shutting down
2023/02/26 10:27:33 [notice] 29#29: exiting
2023/02/26 10:27:33 [notice] 30#30: exit
2023/02/26 10:27:33 [notice] 29#29: exit
2023/02/26 10:27:33 [notice] 1#1: signal 17 (SIGCHLD) received from 30
2023/02/26 10:27:33 [notice] 1#1: worker process 30 exited with code 0
2023/02/26 10:27:33 [notice] 1#1: signal 17 (SIGCHLD) received from 29
2023/02/26 10:27:33 [notice] 1#1: worker process 29 exited with code 0
2023/02/26 10:27:33 [notice] 1#1: exit
2023/02/26 10:28:22 [notice] 1#1: using the "epoll" event method
2023/02/26 10:28:22 [notice] 1#1: nginx/1.23.3
2023/02/26 10:28:22 [notice] 1#1: built by gcc 10.2.1 20210110 (Debian 10.2.1-6) 
2023/02/26 10:28:22 [notice] 1#1: OS: Linux 5.15.49-linuxkit
2023/02/26 10:28:22 [notice] 1#1: getrlimit(RLIMIT_NOFILE): 1048576:1048576
2023/02/26 10:28:22 [notice] 1#1: start worker processes
2023/02/26 10:28:22 [notice] 1#1: start worker process 27
2023/02/26 10:28:22 [notice] 1#1: start worker process 28
2023/02/26 10:38:15 [notice] 1#1: signal 3 (SIGQUIT) received, shutting down
2023/02/26 10:38:15 [notice] 28#28: gracefully shutting down
2023/02/26 10:38:15 [notice] 27#27: gracefully shutting down
2023/02/26 10:38:15 [notice] 28#28: exiting
2023/02/26 10:38:15 [notice] 28#28: exit
2023/02/26 10:38:15 [notice] 27#27: exiting
2023/02/26 10:38:15 [notice] 27#27: exit
2023/02/26 10:38:15 [notice] 1#1: signal 17 (SIGCHLD) received from 28
2023/02/26 10:38:15 [notice] 1#1: worker process 28 exited with code 0
2023/02/26 10:38:15 [notice] 1#1: signal 29 (SIGIO) received
2023/02/26 10:38:15 [notice] 1#1: signal 17 (SIGCHLD) received from 27
2023/02/26 10:38:15 [notice] 1#1: worker process 27 exited with code 0
2023/02/26 10:38:15 [notice] 1#1: exit
2023/02/26 10:38:17 [notice] 1#1: using the "epoll" event method
2023/02/26 10:38:17 [notice] 1#1: nginx/1.23.3
2023/02/26 10:38:17 [notice] 1#1: built by gcc 10.2.1 20210110 (Debian 10.2.1-6) 
2023/02/26 10:38:17 [notice] 1#1: OS: Linux 5.15.49-linuxkit
2023/02/26 10:38:17 [notice] 1#1: getrlimit(RLIMIT_NOFILE): 1048576:1048576
2023/02/26 10:38:17 [notice] 1#1: start worker processes
2023/02/26 10:38:17 [notice] 1#1: start worker process 29
2023/02/26 10:38:17 [notice] 1#1: start worker process 30
2023/02/26 10:40:26 [notice] 1#1: signal 3 (SIGQUIT) received, shutting down
2023/02/26 10:40:26 [notice] 29#29: gracefully shutting down
2023/02/26 10:40:26 [notice] 30#30: gracefully shutting down
2023/02/26 10:40:26 [notice] 29#29: exiting
2023/02/26 10:40:26 [notice] 29#29: exit
2023/02/26 10:40:26 [notice] 30#30: exiting
2023/02/26 10:40:26 [notice] 30#30: exit
2023/02/26 10:40:26 [notice] 1#1: signal 17 (SIGCHLD) received from 29
2023/02/26 10:40:26 [notice] 1#1: worker process 29 exited with code 0
2023/02/26 10:40:26 [notice] 1#1: signal 29 (SIGIO) received
2023/02/26 10:40:26 [notice] 1#1: signal 17 (SIGCHLD) received from 30
2023/02/26 10:40:26 [notice] 1#1: worker process 30 exited with code 0
2023/02/26 10:40:26 [notice] 1#1: exit
2023/02/26 10:40:29 [emerg] 1#1: pcre2_compile() failed: quantifier does not follow a repeatable item in "/public/css/(*)\.(eot|ttf|woff|woff2)" at "*)\.(eot|ttf|woff|woff2)" in /etc/nginx/conf.d/default.conf:15
2023/02/26 10:41:17 [notice] 1#1: using the "epoll" event method
2023/02/26 10:41:17 [notice] 1#1: nginx/1.23.3
2023/02/26 10:41:17 [notice] 1#1: built by gcc 10.2.1 20210110 (Debian 10.2.1-6) 
2023/02/26 10:41:17 [notice] 1#1: OS: Linux 5.15.49-linuxkit
2023/02/26 10:41:17 [notice] 1#1: getrlimit(RLIMIT_NOFILE): 1048576:1048576
2023/02/26 10:41:17 [notice] 1#1: start worker processes
2023/02/26 10:41:17 [notice] 1#1: start worker process 28
2023/02/26 10:41:17 [notice] 1#1: start worker process 29
2023/02/26 10:44:06 [notice] 1#1: signal 3 (SIGQUIT) received, shutting down
2023/02/26 10:44:06 [notice] 28#28: gracefully shutting down
2023/02/26 10:44:06 [notice] 28#28: exiting
2023/02/26 10:44:06 [notice] 29#29: gracefully shutting down
2023/02/26 10:44:06 [notice] 29#29: exiting
2023/02/26 10:44:06 [notice] 28#28: exit
2023/02/26 10:44:06 [notice] 29#29: exit
2023/02/26 10:44:06 [notice] 1#1: signal 17 (SIGCHLD) received from 28
2023/02/26 10:44:06 [notice] 1#1: worker process 28 exited with code 0
2023/02/26 10:44:06 [notice] 1#1: signal 29 (SIGIO) received
2023/02/26 10:44:06 [notice] 1#1: signal 17 (SIGCHLD) received from 29
2023/02/26 10:44:06 [notice] 1#1: worker process 29 exited with code 0
2023/02/26 10:44:06 [notice] 1#1: exit
2023/02/26 10:44:08 [notice] 1#1: using the "epoll" event method
2023/02/26 10:44:08 [notice] 1#1: nginx/1.23.3
2023/02/26 10:44:08 [notice] 1#1: built by gcc 10.2.1 20210110 (Debian 10.2.1-6) 
2023/02/26 10:44:08 [notice] 1#1: OS: Linux 5.15.49-linuxkit
2023/02/26 10:44:08 [notice] 1#1: getrlimit(RLIMIT_NOFILE): 1048576:1048576
2023/02/26 10:44:08 [notice] 1#1: start worker processes
2023/02/26 10:44:08 [notice] 1#1: start worker process 29
2023/02/26 10:44:08 [notice] 1#1: start worker process 30
2023/02/26 10:47:16 [notice] 1#1: signal 3 (SIGQUIT) received, shutting down
2023/02/26 10:47:16 [notice] 29#29: gracefully shutting down
2023/02/26 10:47:16 [notice] 29#29: exiting
2023/02/26 10:47:16 [notice] 30#30: gracefully shutting down
2023/02/26 10:47:16 [notice] 30#30: exiting
2023/02/26 10:47:16 [notice] 29#29: exit
2023/02/26 10:47:16 [notice] 30#30: exit
2023/02/26 10:47:16 [notice] 1#1: signal 17 (SIGCHLD) received from 30
2023/02/26 10:47:16 [notice] 1#1: worker process 30 exited with code 0
2023/02/26 10:47:16 [notice] 1#1: signal 29 (SIGIO) received
2023/02/26 10:47:16 [notice] 1#1: signal 17 (SIGCHLD) received from 29
2023/02/26 10:47:16 [notice] 1#1: worker process 29 exited with code 0
2023/02/26 10:47:16 [notice] 1#1: exit
2023/02/26 10:47:18 [notice] 1#1: using the "epoll" event method
2023/02/26 10:47:18 [notice] 1#1: nginx/1.23.3
2023/02/26 10:47:18 [notice] 1#1: built by gcc 10.2.1 20210110 (Debian 10.2.1-6) 
2023/02/26 10:47:18 [notice] 1#1: OS: Linux 5.15.49-linuxkit
2023/02/26 10:47:18 [notice] 1#1: getrlimit(RLIMIT_NOFILE): 1048576:1048576
2023/02/26 10:47:18 [notice] 1#1: start worker processes
2023/02/26 10:47:18 [notice] 1#1: start worker process 28
2023/02/26 10:47:18 [notice] 1#1: start worker process 29
2023/02/26 10:49:51 [notice] 1#1: signal 3 (SIGQUIT) received, shutting down
2023/02/26 10:49:51 [notice] 28#28: gracefully shutting down
2023/02/26 10:49:51 [notice] 28#28: exiting
2023/02/26 10:49:51 [notice] 29#29: gracefully shutting down
2023/02/26 10:49:51 [notice] 28#28: exit
2023/02/26 10:49:51 [notice] 29#29: exiting
2023/02/26 10:49:51 [notice] 29#29: exit
2023/02/26 10:49:51 [notice] 1#1: signal 17 (SIGCHLD) received from 28
2023/02/26 10:49:51 [notice] 1#1: worker process 28 exited with code 0
2023/02/26 10:49:51 [notice] 1#1: signal 29 (SIGIO) received
2023/02/26 10:49:51 [notice] 1#1: signal 17 (SIGCHLD) received from 29
2023/02/26 10:49:51 [notice] 1#1: worker process 29 exited with code 0
2023/02/26 10:49:51 [notice] 1#1: exit
2023/02/26 10:49:52 [notice] 1#1: using the "epoll" event method
2023/02/26 10:49:52 [notice] 1#1: nginx/1.23.3
2023/02/26 10:49:52 [notice] 1#1: built by gcc 10.2.1 20210110 (Debian 10.2.1-6) 
2023/02/26 10:49:52 [notice] 1#1: OS: Linux 5.15.49-linuxkit
2023/02/26 10:49:52 [notice] 1#1: getrlimit(RLIMIT_NOFILE): 1048576:1048576
2023/02/26 10:49:52 [notice] 1#1: start worker processes
2023/02/26 10:49:52 [notice] 1#1: start worker process 28
2023/02/26 10:49:52 [notice] 1#1: start worker process 29
2023/02/26 10:50:16 [notice] 1#1: signal 3 (SIGQUIT) received, shutting down
2023/02/26 10:50:16 [notice] 29#29: gracefully shutting down
2023/02/26 10:50:16 [notice] 28#28: gracefully shutting down
2023/02/26 10:50:16 [notice] 29#29: exiting
2023/02/26 10:50:16 [notice] 28#28: exiting
2023/02/26 10:50:16 [notice] 28#28: exit
2023/02/26 10:50:16 [notice] 29#29: exit
2023/02/26 10:50:16 [notice] 1#1: signal 17 (SIGCHLD) received from 28
2023/02/26 10:50:16 [notice] 1#1: worker process 28 exited with code 0
2023/02/26 10:50:16 [notice] 1#1: signal 29 (SIGIO) received
2023/02/26 10:50:16 [notice] 1#1: signal 17 (SIGCHLD) received from 29
2023/02/26 10:50:16 [notice] 1#1: worker process 29 exited with code 0
2023/02/26 10:50:16 [notice] 1#1: exit
2023/02/26 10:50:17 [notice] 1#1: using the "epoll" event method
2023/02/26 10:50:17 [notice] 1#1: nginx/1.23.3
2023/02/26 10:50:17 [notice] 1#1: built by gcc 10.2.1 20210110 (Debian 10.2.1-6) 
2023/02/26 10:50:17 [notice] 1#1: OS: Linux 5.15.49-linuxkit
2023/02/26 10:50:17 [notice] 1#1: getrlimit(RLIMIT_NOFILE): 1048576:1048576
2023/02/26 10:50:17 [notice] 1#1: start worker processes
2023/02/26 10:50:17 [notice] 1#1: start worker process 28
2023/02/26 10:50:17 [notice] 1#1: start worker process 29
2023/02/26 10:56:49 [notice] 1#1: signal 3 (SIGQUIT) received, shutting down
2023/02/26 10:56:49 [notice] 29#29: gracefully shutting down
2023/02/26 10:56:49 [notice] 28#28: gracefully shutting down
2023/02/26 10:56:49 [notice] 28#28: exiting
2023/02/26 10:56:49 [notice] 29#29: exiting
2023/02/26 10:56:49 [notice] 28#28: exit
2023/02/26 10:56:49 [notice] 29#29: exit
2023/02/26 10:56:49 [notice] 1#1: signal 17 (SIGCHLD) received from 28
2023/02/26 10:56:49 [notice] 1#1: worker process 28 exited with code 0
2023/02/26 10:56:49 [notice] 1#1: signal 17 (SIGCHLD) received from 29
2023/02/26 10:56:49 [notice] 1#1: worker process 29 exited with code 0
2023/02/26 10:56:49 [notice] 1#1: exit
2023/02/26 10:56:50 [notice] 1#1: using the "epoll" event method
2023/02/26 10:56:50 [notice] 1#1: nginx/1.23.3
2023/02/26 10:56:50 [notice] 1#1: built by gcc 10.2.1 20210110 (Debian 10.2.1-6) 
2023/02/26 10:56:50 [notice] 1#1: OS: Linux 5.15.49-linuxkit
2023/02/26 10:56:50 [notice] 1#1: getrlimit(RLIMIT_NOFILE): 1048576:1048576
2023/02/26 10:56:50 [notice] 1#1: start worker processes
2023/02/26 10:56:50 [notice] 1#1: start worker process 28
2023/02/26 10:56:50 [notice] 1#1: start worker process 29
2023/02/26 11:01:22 [notice] 1#1: signal 3 (SIGQUIT) received, shutting down
2023/02/26 11:01:22 [notice] 28#28: gracefully shutting down
2023/02/26 11:01:22 [notice] 28#28: exiting
2023/02/26 11:01:22 [notice] 29#29: gracefully shutting down
2023/02/26 11:01:22 [notice] 28#28: exit
2023/02/26 11:01:22 [notice] 29#29: exiting
2023/02/26 11:01:22 [notice] 29#29: exit
2023/02/26 11:01:22 [notice] 1#1: signal 17 (SIGCHLD) received from 28
2023/02/26 11:01:22 [notice] 1#1: worker process 28 exited with code 0
2023/02/26 11:01:22 [notice] 1#1: worker process 29 exited with code 0
2023/02/26 11:01:22 [notice] 1#1: exit
2023/02/26 11:01:23 [notice] 1#1: using the "epoll" event method
2023/02/26 11:01:23 [notice] 1#1: nginx/1.23.3
2023/02/26 11:01:23 [notice] 1#1: built by gcc 10.2.1 20210110 (Debian 10.2.1-6) 
2023/02/26 11:01:23 [notice] 1#1: OS: Linux 5.15.49-linuxkit
2023/02/26 11:01:23 [notice] 1#1: getrlimit(RLIMIT_NOFILE): 1048576:1048576
2023/02/26 11:01:23 [notice] 1#1: start worker processes
2023/02/26 11:01:23 [notice] 1#1: start worker process 27
2023/02/26 11:01:23 [notice] 1#1: start worker process 28
2023/02/26 11:02:58 [notice] 1#1: signal 3 (SIGQUIT) received, shutting down
2023/02/26 11:02:58 [notice] 27#27: gracefully shutting down
2023/02/26 11:02:58 [notice] 27#27: exiting
2023/02/26 11:02:58 [notice] 28#28: gracefully shutting down
2023/02/26 11:02:58 [notice] 27#27: exit
2023/02/26 11:02:58 [notice] 28#28: exiting
2023/02/26 11:02:58 [notice] 28#28: exit
2023/02/26 11:02:58 [notice] 1#1: signal 17 (SIGCHLD) received from 27
2023/02/26 11:02:58 [notice] 1#1: worker process 27 exited with code 0
2023/02/26 11:02:58 [notice] 1#1: signal 29 (SIGIO) received
2023/02/26 11:02:58 [notice] 1#1: signal 17 (SIGCHLD) received from 28
2023/02/26 11:02:58 [notice] 1#1: worker process 28 exited with code 0
2023/02/26 11:02:58 [notice] 1#1: exit
2023/02/26 11:02:59 [notice] 1#1: using the "epoll" event method
2023/02/26 11:02:59 [notice] 1#1: nginx/1.23.3
2023/02/26 11:02:59 [notice] 1#1: built by gcc 10.2.1 20210110 (Debian 10.2.1-6) 
2023/02/26 11:02:59 [notice] 1#1: OS: Linux 5.15.49-linuxkit
2023/02/26 11:02:59 [notice] 1#1: getrlimit(RLIMIT_NOFILE): 1048576:1048576
2023/02/26 11:02:59 [notice] 1#1: start worker processes
2023/02/26 11:02:59 [notice] 1#1: start worker process 28
2023/02/26 11:02:59 [notice] 1#1: start worker process 29
2023/02/26 11:05:09 [notice] 1#1: signal 3 (SIGQUIT) received, shutting down
2023/02/26 11:05:09 [notice] 29#29: gracefully shutting down
2023/02/26 11:05:09 [notice] 29#29: exiting
2023/02/26 11:05:09 [notice] 28#28: gracefully shutting down
2023/02/26 11:05:09 [notice] 29#29: exit
2023/02/26 11:05:09 [notice] 28#28: exiting
2023/02/26 11:05:09 [notice] 28#28: exit
2023/02/26 11:05:09 [notice] 1#1: signal 17 (SIGCHLD) received from 29
2023/02/26 11:05:09 [notice] 1#1: worker process 29 exited with code 0
2023/02/26 11:05:09 [notice] 1#1: signal 29 (SIGIO) received
2023/02/26 11:05:09 [notice] 1#1: signal 17 (SIGCHLD) received from 28
2023/02/26 11:05:09 [notice] 1#1: worker process 28 exited with code 0
2023/02/26 11:05:09 [notice] 1#1: exit
2023/02/26 11:05:22 [notice] 1#1: using the "epoll" event method
2023/02/26 11:05:22 [notice] 1#1: nginx/1.23.3
2023/02/26 11:05:22 [notice] 1#1: built by gcc 10.2.1 20210110 (Debian 10.2.1-6) 
2023/02/26 11:05:22 [notice] 1#1: OS: Linux 5.15.49-linuxkit
2023/02/26 11:05:22 [notice] 1#1: getrlimit(RLIMIT_NOFILE): 1048576:1048576
2023/02/26 11:05:22 [notice] 1#1: start worker processes
2023/02/26 11:05:22 [notice] 1#1: start worker process 28
2023/02/26 11:05:22 [notice] 1#1: start worker process 29
2023/02/26 11:06:31 [notice] 1#1: signal 3 (SIGQUIT) received, shutting down
2023/02/26 11:06:31 [notice] 29#29: gracefully shutting down
2023/02/26 11:06:31 [notice] 29#29: exiting
2023/02/26 11:06:31 [notice] 28#28: gracefully shutting down
2023/02/26 11:06:31 [notice] 29#29: exit
2023/02/26 11:06:31 [notice] 28#28: exiting
2023/02/26 11:06:31 [notice] 28#28: exit
2023/02/26 11:06:31 [notice] 1#1: signal 17 (SIGCHLD) received from 29
2023/02/26 11:06:31 [notice] 1#1: worker process 29 exited with code 0
2023/02/26 11:06:31 [notice] 1#1: signal 29 (SIGIO) received
2023/02/26 11:06:31 [notice] 1#1: signal 17 (SIGCHLD) received from 28
2023/02/26 11:06:31 [notice] 1#1: worker process 28 exited with code 0
2023/02/26 11:06:31 [notice] 1#1: exit
2023/02/26 11:06:32 [notice] 1#1: using the "epoll" event method
2023/02/26 11:06:32 [notice] 1#1: nginx/1.23.3
2023/02/26 11:06:32 [notice] 1#1: built by gcc 10.2.1 20210110 (Debian 10.2.1-6) 
2023/02/26 11:06:32 [notice] 1#1: OS: Linux 5.15.49-linuxkit
2023/02/26 11:06:32 [notice] 1#1: getrlimit(RLIMIT_NOFILE): 1048576:1048576
2023/02/26 11:06:32 [notice] 1#1: start worker processes
2023/02/26 11:06:32 [notice] 1#1: start worker process 28
2023/02/26 11:06:32 [notice] 1#1: start worker process 29
2023/02/26 11:08:13 [notice] 1#1: signal 3 (SIGQUIT) received, shutting down
2023/02/26 11:08:13 [notice] 28#28: gracefully shutting down
2023/02/26 11:08:13 [notice] 29#29: gracefully shutting down
2023/02/26 11:08:13 [notice] 29#29: exiting
2023/02/26 11:08:13 [notice] 28#28: exiting
2023/02/26 11:08:13 [notice] 29#29: exit
2023/02/26 11:08:13 [notice] 28#28: exit
2023/02/26 11:08:13 [notice] 1#1: signal 17 (SIGCHLD) received from 29
2023/02/26 11:08:13 [notice] 1#1: worker process 29 exited with code 0
2023/02/26 11:08:13 [notice] 1#1: signal 29 (SIGIO) received
2023/02/26 11:08:13 [notice] 1#1: signal 17 (SIGCHLD) received from 28
2023/02/26 11:08:13 [notice] 1#1: worker process 28 exited with code 0
2023/02/26 11:08:13 [notice] 1#1: exit
2023/02/26 11:08:14 [notice] 1#1: using the "epoll" event method
2023/02/26 11:08:14 [notice] 1#1: nginx/1.23.3
2023/02/26 11:08:14 [notice] 1#1: built by gcc 10.2.1 20210110 (Debian 10.2.1-6) 
2023/02/26 11:08:14 [notice] 1#1: OS: Linux 5.15.49-linuxkit
2023/02/26 11:08:14 [notice] 1#1: getrlimit(RLIMIT_NOFILE): 1048576:1048576
2023/02/26 11:08:14 [notice] 1#1: start worker processes
2023/02/26 11:08:14 [notice] 1#1: start worker process 28
2023/02/26 11:08:14 [notice] 1#1: start worker process 29
2023/02/26 11:26:16 [error] 29#29: *80 open() "/var/www/html/public/css/satochi.css" failed (2: No such file or directory), client: 172.22.0.1, server: diboard.local, request: "GET /public/css/satochi.css HTTP/1.1", host: "localhost:8080", referrer: "http://localhost:8080/public/css/styles.css"
2023/02/26 11:26:17 [error] 29#29: *83 open() "/var/www/html/public/css/satochi.css" failed (2: No such file or directory), client: 172.22.0.1, server: diboard.local, request: "GET /public/css/satochi.css HTTP/1.1", host: "localhost:8080", referrer: "http://localhost:8080/public/css/styles.css"
2023/02/26 11:26:20 [error] 28#28: *92 open() "/var/www/html/public/css/satochi.css" failed (2: No such file or directory), client: 172.22.0.1, server: diboard.local, request: "GET /public/css/satochi.css HTTP/1.1", host: "localhost:8080", referrer: "http://localhost:8080/public/css/styles.css"
2023/02/26 11:26:36 [error] 28#28: *95 open() "/var/www/html/public/css/satochi.css" failed (2: No such file or directory), client: 172.22.0.1, server: diboard.local, request: "GET /public/css/satochi.css HTTP/1.1", host: "localhost:8080", referrer: "http://localhost:8080/public/css/styles.css"
2023/02/26 11:26:37 [error] 29#29: *100 open() "/var/www/html/public/css/satochi.css" failed (2: No such file or directory), client: 172.22.0.1, server: diboard.local, request: "GET /public/css/satochi.css HTTP/1.1", host: "localhost:8080", referrer: "http://localhost:8080/public/css/styles.css"
2023/02/26 11:26:38 [error] 29#29: *104 open() "/var/www/html/public/css/satochi.css" failed (2: No such file or directory), client: 172.22.0.1, server: diboard.local, request: "GET /public/css/satochi.css HTTP/1.1", host: "localhost:8080", referrer: "http://localhost:8080/public/css/styles.css"
2023/02/26 11:26:38 [error] 28#28: *105 open() "/var/www/html/public/css/satochi.css" failed (2: No such file or directory), client: 172.22.0.1, server: diboard.local, request: "GET /public/css/satochi.css HTTP/1.1", host: "localhost:8080", referrer: "http://localhost:8080/public/css/styles.css"
2023/02/26 11:26:38 [error] 29#29: *111 open() "/var/www/html/public/css/satochi.css" failed (2: No such file or directory), client: 172.22.0.1, server: diboard.local, request: "GET /public/css/satochi.css HTTP/1.1", host: "localhost:8080", referrer: "http://localhost:8080/public/css/styles.css"
2023/02/26 11:26:39 [error] 28#28: *115 open() "/var/www/html/public/css/satochi.css" failed (2: No such file or directory), client: 172.22.0.1, server: diboard.local, request: "GET /public/css/satochi.css HTTP/1.1", host: "localhost:8080", referrer: "http://localhost:8080/public/css/styles.css"
2023/02/26 11:26:39 [error] 28#28: *119 open() "/var/www/html/public/css/satochi.css" failed (2: No such file or directory), client: 172.22.0.1, server: diboard.local, request: "GET /public/css/satochi.css HTTP/1.1", host: "localhost:8080", referrer: "http://localhost:8080/public/css/styles.css"
2023/02/26 11:26:39 [error] 29#29: *122 open() "/var/www/html/public/css/satochi.css" failed (2: No such file or directory), client: 172.22.0.1, server: diboard.local, request: "GET /public/css/satochi.css HTTP/1.1", host: "localhost:8080", referrer: "http://localhost:8080/public/css/styles.css"
2023/02/26 11:26:40 [error] 28#28: *123 open() "/var/www/html/public/css/satochi.css" failed (2: No such file or directory), client: 172.22.0.1, server: diboard.local, request: "GET /public/css/satochi.css HTTP/1.1", host: "localhost:8080", referrer: "http://localhost:8080/public/css/styles.css"
2023/02/26 11:26:40 [error] 29#29: *129 open() "/var/www/html/public/css/satochi.css" failed (2: No such file or directory), client: 172.22.0.1, server: diboard.local, request: "GET /public/css/satochi.css HTTP/1.1", host: "localhost:8080", referrer: "http://localhost:8080/public/css/styles.css"
2023/02/26 11:26:40 [error] 29#29: *132 open() "/var/www/html/public/css/satochi.css" failed (2: No such file or directory), client: 172.22.0.1, server: diboard.local, request: "GET /public/css/satochi.css HTTP/1.1", host: "localhost:8080", referrer: "http://localhost:8080/public/css/styles.css"
2023/02/26 11:26:41 [error] 28#28: *134 open() "/var/www/html/public/css/satochi.css" failed (2: No such file or directory), client: 172.22.0.1, server: diboard.local, request: "GET /public/css/satochi.css HTTP/1.1", host: "localhost:8080", referrer: "http://localhost:8080/public/css/styles.css"
2023/02/26 11:26:41 [error] 28#28: *140 open() "/var/www/html/public/css/satochi.css" failed (2: No such file or directory), client: 172.22.0.1, server: diboard.local, request: "GET /public/css/satochi.css HTTP/1.1", host: "localhost:8080", referrer: "http://localhost:8080/public/css/styles.css"
2023/02/26 11:35:15 [notice] 1#1: signal 3 (SIGQUIT) received, shutting down
2023/02/26 11:35:15 [notice] 28#28: gracefully shutting down
2023/02/26 11:35:15 [notice] 28#28: exiting
2023/02/26 11:35:15 [notice] 29#29: gracefully shutting down
2023/02/26 11:35:15 [notice] 28#28: exit
2023/02/26 11:35:15 [notice] 29#29: exiting
2023/02/26 11:35:15 [notice] 29#29: exit
2023/02/26 11:35:15 [notice] 1#1: signal 17 (SIGCHLD) received from 28
2023/02/26 11:35:15 [notice] 1#1: worker process 28 exited with code 0
2023/02/26 11:35:15 [notice] 1#1: signal 29 (SIGIO) received
2023/02/26 11:35:15 [notice] 1#1: signal 17 (SIGCHLD) received from 29
2023/02/26 11:35:15 [notice] 1#1: worker process 29 exited with code 0
2023/02/26 11:35:15 [notice] 1#1: exit
2023/02/26 11:36:34 [notice] 1#1: using the "epoll" event method
2023/02/26 11:36:34 [notice] 1#1: nginx/1.23.3
2023/02/26 11:36:34 [notice] 1#1: built by gcc 10.2.1 20210110 (Debian 10.2.1-6) 
2023/02/26 11:36:34 [notice] 1#1: OS: Linux 5.15.49-linuxkit
2023/02/26 11:36:34 [notice] 1#1: getrlimit(RLIMIT_NOFILE): 1048576:1048576
2023/02/26 11:36:34 [notice] 1#1: start worker processes
2023/02/26 11:36:34 [notice] 1#1: start worker process 28
2023/02/26 11:36:34 [notice] 1#1: start worker process 29
2023/02/26 11:45:36 [error] 29#29: *34 client intended to send too large body: 2235845 bytes, client: 172.23.0.1, server: diboard.local, request: "POST /ajax/new-post.php HTTP/1.1", host: "localhost:8080", referrer: "http://localhost:8080/new-post"
2023/02/26 11:45:39 [error] 28#28: *37 client intended to send too large body: 2235845 bytes, client: 172.23.0.1, server: diboard.local, request: "POST /ajax/new-post.php HTTP/1.1", host: "localhost:8080", referrer: "http://localhost:8080/new-post"
2023/02/26 12:31:27 [notice] 1#1: signal 3 (SIGQUIT) received, shutting down
2023/02/26 12:31:27 [notice] 28#28: gracefully shutting down
2023/02/26 12:31:27 [notice] 28#28: exiting
2023/02/26 12:31:27 [notice] 29#29: gracefully shutting down
2023/02/26 12:31:27 [notice] 28#28: exit
2023/02/26 12:31:27 [notice] 29#29: exiting
2023/02/26 12:31:27 [notice] 29#29: exit
2023/02/26 12:31:27 [notice] 1#1: signal 17 (SIGCHLD) received from 28
2023/02/26 12:31:27 [notice] 1#1: worker process 28 exited with code 0
2023/02/26 12:31:27 [notice] 1#1: signal 29 (SIGIO) received
2023/02/26 12:31:27 [notice] 1#1: signal 17 (SIGCHLD) received from 29
2023/02/26 12:31:27 [notice] 1#1: worker process 29 exited with code 0
2023/02/26 12:31:27 [notice] 1#1: exit
2023/02/26 12:32:46 [notice] 1#1: using the "epoll" event method
2023/02/26 12:32:46 [notice] 1#1: nginx/1.23.3
2023/02/26 12:32:46 [notice] 1#1: built by gcc 10.2.1 20210110 (Debian 10.2.1-6) 
2023/02/26 12:32:46 [notice] 1#1: OS: Linux 5.15.49-linuxkit
2023/02/26 12:32:46 [notice] 1#1: getrlimit(RLIMIT_NOFILE): 1048576:1048576
2023/02/26 12:32:46 [notice] 1#1: start worker processes
2023/02/26 12:32:46 [notice] 1#1: start worker process 28
2023/02/26 12:32:46 [notice] 1#1: start worker process 29
